app/api-test/page.tsx(190,58): error TS2532: Object is possibly 'undefined'.
app/api-test/page.tsx(191,61): error TS2532: Object is possibly 'undefined'.
app/api-test/page.tsx(192,30): error TS2532: Object is possibly 'undefined'.
app/api-test/page.tsx(193,67): error TS2532: Object is possibly 'undefined'.
app/api-test/page.tsx(195,30): error TS2532: Object is possibly 'undefined'.
app/api-test/page.tsx(199,51): error TS2532: Object is possibly 'undefined'.
app/api/auth/logout/route.ts(18,15): error TS2345: Argument of type '{ is_revoked: boolean; revoked_at: string; revoked_reason: string; }' is not assignable to parameter of type 'never'.
app/api/auth/sync-user/route.ts(68,17): error TS2345: Argument of type '{ email: any; email_verified: boolean; wallet_address: string | null; wallet_type: string | null; last_login: string; is_active: boolean; }' is not assignable to parameter of type 'never'.
app/api/auth/sync-user/route.ts(76,32): error TS2339: Property 'id' does not exist on type 'never'.
app/api/auth/sync-user/route.ts(93,10): error TS2769: No overload matches this call.
  Overload 1 of 2, '(values: never, options?: { count?: "exact" | "planned" | "estimated" | undefined; } | undefined): PostgrestFilterBuilder<{ PostgrestVersion: "12"; }, never, never, null, "users", never, "POST">', gave the following error.
    Argument of type '{ auth_type: "email" | "wallet"; email: any; email_verified: boolean; wallet_address: string | null; wallet_type: string | null; privy_user_id: any; created_at: string; last_login: string; is_active: boolean; }' is not assignable to parameter of type 'never'.
  Overload 2 of 2, '(values: never[], options?: { count?: "exact" | "planned" | "estimated" | undefined; defaultToNull?: boolean | undefined; } | undefined): PostgrestFilterBuilder<{ PostgrestVersion: "12"; }, never, never, null, "users", never, "POST">', gave the following error.
    Object literal may only specify known properties, and 'auth_type' does not exist in type 'never[]'.
app/api/auth/sync-user/route.ts(127,31): error TS2339: Property 'id' does not exist on type 'never'.
app/api/auth/sync-user/route.ts(132,25): error TS7022: 'newWallet' implicitly has type 'any' because it does not have a type annotation and is referenced directly or indirectly in its own initializer.
app/api/auth/sync-user/route.ts(134,14): error TS2769: No overload matches this call.
  Overload 1 of 2, '(values: never, options?: { count?: "exact" | "planned" | "estimated" | undefined; } | undefined): PostgrestFilterBuilder<{ PostgrestVersion: "12"; }, never, never, null, "user_wallets", never, "POST">', gave the following error.
    Argument of type '{ user_id: any; wallet_address: any; wallet_provider: any; is_primary: boolean; created_at: string; }' is not assignable to parameter of type 'never'.
  Overload 2 of 2, '(values: never[], options?: { count?: "exact" | "planned" | "estimated" | undefined; defaultToNull?: boolean | undefined; } | undefined): PostgrestFilterBuilder<{ PostgrestVersion: "12"; }, never, never, null, "user_wallets", never, "POST">', gave the following error.
    Object literal may only specify known properties, and 'user_id' does not exist in type 'never[]'.
app/api/auth/sync-user/route.ts(135,29): error TS2339: Property 'id' does not exist on type 'never'.
app/api/health/route.ts(27,12): error TS2580: Cannot find name 'process'. Do you need to install type definitions for node? Try `npm i --save-dev @types/node`.
app/api/user/profile/route.ts(35,18): error TS2339: Property 'id' does not exist on type 'never'.
app/api/user/profile/route.ts(36,24): error TS2339: Property 'auth_type' does not exist on type 'never'.
app/api/user/profile/route.ts(37,21): error TS2339: Property 'email' does not exist on type 'never'.
app/api/user/profile/route.ts(38,29): error TS2339: Property 'email_verified' does not exist on type 'never'.
app/api/user/profile/route.ts(39,29): error TS2339: Property 'wallet_address' does not exist on type 'never'.
app/api/user/profile/route.ts(40,26): error TS2339: Property 'wallet_type' does not exist on type 'never'.
app/api/user/profile/route.ts(41,27): error TS2339: Property 'privy_user_id' does not exist on type 'never'.
app/api/user/profile/route.ts(42,25): error TS2339: Property 'created_at' does not exist on type 'never'.
app/api/user/profile/route.ts(43,25): error TS2339: Property 'last_login' does not exist on type 'never'.
app/api/user/profile/route.ts(44,24): error TS2339: Property 'is_active' does not exist on type 'never'.
app/api/user/profile/route.ts(45,23): error TS2339: Property 'user_wallets' does not exist on type 'never'.
app/api/user/profile/route.ts(85,15): error TS2345: Argument of type '{ [key: string]: any; }' is not assignable to parameter of type 'never'.
app/dashboard/page.tsx(133,65): error TS2339: Property 'verified' does not exist on type 'Email'.
components/providers/PrivyProvider.tsx(13,6): error TS2741: Property 'appId' is missing in type '{ children: ReactNode; appearance?: { theme?: "light" | "dark" | `#${string}` | undefined; accentColor?: `#${string}` | undefined; logo?: string | ReactElement<any, string | JSXElementConstructor<any>> | undefined; ... 4 more ...; walletChainType?: "ethereum-only" | ... 2 more ... | undefined; } | undefined; ... 16 ...' but required in type 'PrivyProviderProps'.
lib/auth/privy-jwt.ts(25,19): error TS2580: Cannot find name 'process'. Do you need to install type definitions for node? Try `npm i --save-dev @types/node`.
lib/auth/privy-jwt.ts(62,9): error TS2580: Cannot find name 'Buffer'. Do you need to install type definitions for node? Try `npm i --save-dev @types/node`.
lib/middleware/privy-auth.ts(34,9): error TS2580: Cannot find name 'process'. Do you need to install type definitions for node? Try `npm i --save-dev @types/node`.
lib/middleware/privy-auth.ts(77,15): error TS2339: Property 'is_active' does not exist on type 'never'.
lib/middleware/privy-auth.ts(90,18): error TS2339: Property 'id' does not exist on type 'never'.
lib/middleware/privy-auth.ts(91,27): error TS2339: Property 'privy_user_id' does not exist on type 'never'.
lib/middleware/privy-auth.ts(92,21): error TS2339: Property 'email' does not exist on type 'never'.
lib/middleware/privy-auth.ts(93,29): error TS2339: Property 'wallet_address' does not exist on type 'never'.
lib/middleware/privy-auth.ts(94,24): error TS2339: Property 'auth_type' does not exist on type 'never'.
lib/privy/config.ts(45,10): error TS2580: Cannot find name 'process'. Do you need to install type definitions for node? Try `npm i --save-dev @types/node`.
lib/privy/config.ts(63,9): error TS2580: Cannot find name 'process'. Do you need to install type definitions for node? Try `npm i --save-dev @types/node`.
lib/privy/config.ts(79,5): error TS2741: Property 'enabled' is missing in type '{}' but required in type '{ enabled: boolean; }'.
lib/privy/config.ts(103,7): error TS2322: Type '"fiat"' is not assignable to type '"fiat-currency" | "native-token"'.
lib/privy/config.ts(104,7): error TS2322: Type '"native"' is not assignable to type '"native-token"'.
lib/privy/config.ts(111,5): error TS2353: Object literal may only specify known properties, and 'enableMfaForEmails' does not exist in type '{ noPromptOnMfaRequired?: boolean | undefined; }'.
lib/privy/config.ts(128,9): error TS2580: Cannot find name 'process'. Do you need to install type definitions for node? Try `npm i --save-dev @types/node`.
lib/privy/config.ts(129,9): error TS2580: Cannot find name 'process'. Do you need to install type definitions for node? Try `npm i --save-dev @types/node`.
lib/privy/config.ts(141,19): error TS2345: Argument of type 'SupabaseClient<any, "public", "public", any, any>' is not assignable to parameter of type 'SetStateAction<SupabaseClient<unknown, { PostgrestVersion: string; }, never, never, { PostgrestVersion: string; }> | null>'.
  Type 'SupabaseClient<any, "public", "public", any, any>' is not assignable to type 'SupabaseClient<unknown, { PostgrestVersion: string; }, never, never, { PostgrestVersion: string; }>'.
    Type '"public"' is not assignable to type 'never'.
lib/supabase/client.ts(5,21): error TS2580: Cannot find name 'process'. Do you need to install type definitions for node? Try `npm i --save-dev @types/node`.
lib/supabase/client.ts(6,25): error TS2580: Cannot find name 'process'. Do you need to install type definitions for node? Try `npm i --save-dev @types/node`.
lib/supabase/client.ts(14,3): error TS2580: Cannot find name 'process'. Do you need to install type definitions for node? Try `npm i --save-dev @types/node`.
