app/api-test/page.tsx(190,58): error TS2532: Object is possibly 'undefined'.
app/api-test/page.tsx(191,61): error TS2532: Object is possibly 'undefined'.
app/api-test/page.tsx(192,30): error TS2532: Object is possibly 'undefined'.
app/api-test/page.tsx(193,67): error TS2532: Object is possibly 'undefined'.
app/api-test/page.tsx(195,30): error TS2532: Object is possibly 'undefined'.
app/api-test/page.tsx(199,51): error TS2532: Object is possibly 'undefined'.
app/api/auth/logout/route.ts(18,15): error TS2345: Argument of type '{ is_revoked: boolean; revoked_at: string; revoked_reason: string; }' is not assignable to parameter of type 'never'.
app/api/auth/sync-user/route.ts(68,17): error TS2345: Argument of type '{ email: any; email_verified: boolean; wallet_address: string | null; wallet_type: string | null; last_login: string; is_active: boolean; }' is not assignable to parameter of type 'never'.
app/api/auth/sync-user/route.ts(76,32): error TS2339: Property 'id' does not exist on type 'never'.
app/api/auth/sync-user/route.ts(93,10): error TS2769: No overload matches this call.
  Overload 1 of 2, '(values: never, options?: { count?: "exact" | "planned" | "estimated" | undefined; } | undefined): PostgrestFilterBuilder<{ PostgrestVersion: "12"; }, never, never, null, "users", never, "POST">', gave the following error.
    Argument of type '{ auth_type: "email" | "wallet"; email: any; email_verified: boolean; wallet_address: string | null; wallet_type: string | null; privy_user_id: any; created_at: string; last_login: string; is_active: boolean; }' is not assignable to parameter of type 'never'.
  Overload 2 of 2, '(values: never[], options?: { count?: "exact" | "planned" | "estimated" | undefined; defaultToNull?: boolean | undefined; } | undefined): PostgrestFilterBuilder<{ PostgrestVersion: "12"; }, never, never, null, "users", never, "POST">', gave the following error.
    Object literal may only specify known properties, and 'auth_type' does not exist in type 'never[]'.
app/api/auth/sync-user/route.ts(127,31): error TS2339: Property 'id' does not exist on type 'never'.
app/api/auth/sync-user/route.ts(132,25): error TS7022: 'newWallet' implicitly has type 'any' because it does not have a type annotation and is referenced directly or indirectly in its own initializer.
app/api/auth/sync-user/route.ts(134,14): error TS2769: No overload matches this call.
  Overload 1 of 2, '(values: never, options?: { count?: "exact" | "planned" | "estimated" | undefined; } | undefined): PostgrestFilterBuilder<{ PostgrestVersion: "12"; }, never, never, null, "user_wallets", never, "POST">', gave the following error.
    Argument of type '{ user_id: any; wallet_address: any; wallet_provider: any; is_primary: boolean; created_at: string; }' is not assignable to parameter of type 'never'.
  Overload 2 of 2, '(values: never[], options?: { count?: "exact" | "planned" | "estimated" | undefined; defaultToNull?: boolean | undefined; } | undefined): PostgrestFilterBuilder<{ PostgrestVersion: "12"; }, never, never, null, "user_wallets", never, "POST">', gave the following error.
    Object literal may only specify known properties, and 'user_id' does not exist in type 'never[]'.
app/api/auth/sync-user/route.ts(135,29): error TS2339: Property 'id' does not exist on type 'never'.
app/api/user/profile/route.ts(35,18): error TS2339: Property 'id' does not exist on type 'never'.
app/api/user/profile/route.ts(36,24): error TS2339: Property 'auth_type' does not exist on type 'never'.
app/api/user/profile/route.ts(37,21): error TS2339: Property 'email' does not exist on type 'never'.
app/api/user/profile/route.ts(38,29): error TS2339: Property 'email_verified' does not exist on type 'never'.
app/api/user/profile/route.ts(39,29): error TS2339: Property 'wallet_address' does not exist on type 'never'.
app/api/user/profile/route.ts(40,26): error TS2339: Property 'wallet_type' does not exist on type 'never'.
app/api/user/profile/route.ts(41,27): error TS2339: Property 'privy_user_id' does not exist on type 'never'.
app/api/user/profile/route.ts(42,25): error TS2339: Property 'created_at' does not exist on type 'never'.
app/api/user/profile/route.ts(43,25): error TS2339: Property 'last_login' does not exist on type 'never'.
app/api/user/profile/route.ts(44,24): error TS2339: Property 'is_active' does not exist on type 'never'.
app/api/user/profile/route.ts(45,23): error TS2339: Property 'user_wallets' does not exist on type 'never'.
app/api/user/profile/route.ts(85,15): error TS2345: Argument of type '{ [key: string]: any; }' is not assignable to parameter of type 'never'.
app/dashboard/page.tsx(133,65): error TS2339: Property 'verified' does not exist on type 'Email'.
components/providers/PrivyProvider.tsx(13,6): error TS2741: Property 'appId' is missing in type '{ children: ReactNode; appearance?: { theme?: `#${string}` | "light" | "dark" | undefined; accentColor?: `#${string}` | undefined; logo?: string | ReactElement<any, string | JSXElementConstructor<any>> | undefined; ... 4 more ...; walletChainType?: "ethereum-only" | ... 2 more ... | undefined; } | undefined; ... 16 ...' but required in type 'PrivyProviderProps'.
lib/middleware/privy-auth.ts(77,15): error TS2339: Property 'is_active' does not exist on type 'never'.
lib/middleware/privy-auth.ts(90,18): error TS2339: Property 'id' does not exist on type 'never'.
lib/middleware/privy-auth.ts(91,27): error TS2339: Property 'privy_user_id' does not exist on type 'never'.
lib/middleware/privy-auth.ts(92,21): error TS2339: Property 'email' does not exist on type 'never'.
lib/middleware/privy-auth.ts(93,29): error TS2339: Property 'wallet_address' does not exist on type 'never'.
lib/middleware/privy-auth.ts(94,24): error TS2339: Property 'auth_type' does not exist on type 'never'.
lib/privy/config.ts(79,5): error TS2741: Property 'enabled' is missing in type '{}' but required in type '{ enabled: boolean; }'.
lib/privy/config.ts(103,7): error TS2322: Type '"fiat"' is not assignable to type '"fiat-currency" | "native-token"'.
lib/privy/config.ts(104,7): error TS2322: Type '"native"' is not assignable to type '"native-token"'.
lib/privy/config.ts(111,5): error TS2353: Object literal may only specify known properties, and 'enableMfaForEmails' does not exist in type '{ noPromptOnMfaRequired?: boolean | undefined; }'.
lib/privy/config.ts(141,19): error TS2345: Argument of type 'SupabaseClient<any, "public", "public", any, any>' is not assignable to parameter of type 'SetStateAction<SupabaseClient<unknown, { PostgrestVersion: string; }, never, never, { PostgrestVersion: string; }> | null>'.
  Type 'SupabaseClient<any, "public", "public", any, any>' is not assignable to type 'SupabaseClient<unknown, { PostgrestVersion: string; }, never, never, { PostgrestVersion: string; }>'.
    Type '"public"' is not assignable to type 'never'.
tsconfig.json(7,7): error TS6046: Argument for '--lib' option must be: 'es5', 'es6', 'es2015', 'es7', 'es2016', 'es2017', 'es2018', 'es2019', 'es2020', 'es2021', 'es2022', 'es2023', 'es2024', 'esnext', 'dom', 'dom.iterable', 'dom.asynciterable', 'webworker', 'webworker.importscripts', 'webworker.iterable', 'webworker.asynciterable', 'scripthost', 'es2015.core', 'es2015.collection', 'es2015.generator', 'es2015.iterable', 'es2015.promise', 'es2015.proxy', 'es2015.reflect', 'es2015.symbol', 'es2015.symbol.wellknown', 'es2016.array.include', 'es2016.intl', 'es2017.arraybuffer', 'es2017.date', 'es2017.object', 'es2017.sharedmemory', 'es2017.string', 'es2017.intl', 'es2017.typedarrays', 'es2018.asyncgenerator', 'es2018.asynciterable', 'es2018.intl', 'es2018.promise', 'es2018.regexp', 'es2019.array', 'es2019.object', 'es2019.string', 'es2019.symbol', 'es2019.intl', 'es2020.bigint', 'es2020.date', 'es2020.promise', 'es2020.sharedmemory', 'es2020.string', 'es2020.symbol.wellknown', 'es2020.intl', 'es2020.number', 'es2021.promise', 'es2021.string', 'es2021.weakref', 'es2021.intl', 'es2022.array', 'es2022.error', 'es2022.intl', 'es2022.object', 'es2022.string', 'es2022.regexp', 'es2023.array', 'es2023.collection', 'es2023.intl', 'es2024.arraybuffer', 'es2024.collection', 'es2024.object', 'es2024.promise', 'es2024.regexp', 'es2024.sharedmemory', 'es2024.string', 'esnext.array', 'esnext.collection', 'esnext.symbol', 'esnext.asynciterable', 'esnext.intl', 'esnext.disposable', 'esnext.bigint', 'esnext.string', 'esnext.promise', 'esnext.weakref', 'esnext.decorators', 'esnext.object', 'esnext.regexp', 'esnext.iterator', 'esnext.float16', 'esnext.error', 'esnext.sharedmemory', 'decorators', 'decorators.legacy'.
