
Version
=======
> solidity-coverage: v0.8.16

Instrumenting for coverage...
=============================

> ChainlinkKeepers.sol
> ChainVault.sol
> EventMonitor.sol
> FeeManager.sol
> HyperIndexVaultFactory.sol
> IndexToken.sol
> IndexTokenFactory.sol
> interfaces/IAMM.sol
> interfaces/IBridgeManager.sol
> interfaces/IChainVault.sol
> interfaces/IComposer.sol
> interfaces/IHyperCore.sol
> interfaces/IHyperIndexVault.sol
> interfaces/IIndexToken.sol
> interfaces/IIndexTokenFactory.sol
> interfaces/IL1Read.sol
> interfaces/IMultiChainAggregator.sol
> interfaces/IOrderbook.sol
> interfaces/IPriceFeed.sol
> interfaces/IRedemptionManager.sol
> LayerZeroMessaging.sol
> libraries/PrecisionMath.sol
> MinimalContract.sol
> MockERC20.sol
> mocks/MockAMM.sol
> mocks/MockL1Read.sol
> mocks/MockLayerZeroEndpoint.sol
> mocks/MockLayerZeroEndpointV2.sol
> mocks/MockMultiChainAggregator.sol
> mocks/MockPriceFeed.sol
> RebalancingEngine.sol
> RedemptionManager.sol
> SimpleTest.sol
> TestHYPE.sol

Compilation:
============

Compiled 57 Solidity files successfully (evm target: paris).

Network Info
============
> HardhatEVM: v2.26.1
> network:    hardhat

-------------------------------|----------|----------|----------|----------|----------------|
File                           |  % Stmts | % Branch |  % Funcs |  % Lines |Uncovered Lines |
-------------------------------|----------|----------|----------|----------|----------------|
 contracts/                    |        0 |        0 |        0 |        0 |                |
  ChainVault.sol               |        0 |        0 |        0 |        0 |... 271,278,285 |
  ChainlinkKeepers.sol         |        0 |        0 |        0 |        0 |... 422,430,437 |
  EventMonitor.sol             |        0 |        0 |        0 |        0 |... 547,556,563 |
  FeeManager.sol               |        0 |        0 |        0 |        0 |... 415,422,429 |
  HyperIndexVaultFactory.sol   |        0 |        0 |        0 |        0 |... 295,296,297 |
  IndexToken.sol               |        0 |        0 |        0 |        0 |... 107,108,119 |
  IndexTokenFactory.sol        |        0 |        0 |        0 |        0 |... 446,447,454 |
  LayerZeroMessaging.sol       |        0 |        0 |        0 |        0 |... 417,419,420 |
  MinimalContract.sol          |        0 |      100 |        0 |        0 |              9 |
  MockERC20.sol                |        0 |      100 |        0 |        0 |    18,22,26,30 |
  RebalancingEngine.sol        |        0 |        0 |        0 |        0 |... 381,388,395 |
  RedemptionManager.sol        |        0 |        0 |        0 |        0 |... 769,773,777 |
  SimpleTest.sol               |        0 |      100 |        0 |        0 |        8,12,16 |
  TestHYPE.sol                 |        0 |        0 |        0 |        0 |... 79,80,87,94 |
 contracts/interfaces/         |      100 |      100 |      100 |      100 |                |
  IAMM.sol                     |      100 |      100 |      100 |      100 |                |
  IBridgeManager.sol           |      100 |      100 |      100 |      100 |                |
  IChainVault.sol              |      100 |      100 |      100 |      100 |                |
  IComposer.sol                |      100 |      100 |      100 |      100 |                |
  IHyperCore.sol               |      100 |      100 |      100 |      100 |                |
  IHyperIndexVault.sol         |      100 |      100 |      100 |      100 |                |
  IIndexToken.sol              |      100 |      100 |      100 |      100 |                |
  IIndexTokenFactory.sol       |      100 |      100 |      100 |      100 |                |
  IL1Read.sol                  |      100 |      100 |      100 |      100 |                |
  IMultiChainAggregator.sol    |      100 |      100 |      100 |      100 |                |
  IOrderbook.sol               |      100 |      100 |      100 |      100 |                |
  IPriceFeed.sol               |      100 |      100 |      100 |      100 |                |
  IRedemptionManager.sol       |      100 |      100 |      100 |      100 |                |
 contracts/libraries/          |        0 |        0 |        0 |        0 |                |
  PrecisionMath.sol            |        0 |        0 |        0 |        0 |... 231,233,235 |
 contracts/mocks/              |        0 |        0 |        0 |        0 |                |
  MockAMM.sol                  |        0 |        0 |        0 |        0 |... 437,438,440 |
  MockL1Read.sol               |        0 |        0 |        0 |        0 |... 61,62,63,64 |
  MockLayerZeroEndpoint.sol    |        0 |        0 |        0 |        0 |... 311,312,320 |
  MockLayerZeroEndpointV2.sol  |        0 |        0 |        0 |        0 |... 503,504,505 |
  MockMultiChainAggregator.sol |        0 |        0 |        0 |        0 |... 315,319,320 |
  MockPriceFeed.sol            |        0 |        0 |        0 |        0 |... 291,295,296 |
-------------------------------|----------|----------|----------|----------|----------------|
All files                      |        0 |        0 |        0 |        0 |                |
-------------------------------|----------|----------|----------|----------|----------------|

> Istanbul reports written to ./coverage/ and ./coverage.json
Error in plugin solidity-coverage: ReferenceError: deployAccessControlFixture is not defined

For more info run Hardhat with --show-stack-traces
