{"contracts/ChainlinkKeepers.sol":{"l":{"82":0,"84":0,"87":0,"94":0,"95":0,"96":0,"111":0,"112":0,"115":0,"116":0,"117":0,"121":0,"122":0,"123":0,"124":0,"127":0,"128":0,"129":0,"132":0,"133":0,"136":0,"137":0,"141":0,"143":0,"144":0,"145":0,"146":0,"150":0,"152":0,"153":0,"155":0,"156":0,"157":0,"160":0,"166":0,"167":0,"176":0,"178":0,"179":0,"180":0,"182":0,"183":0,"185":0,"186":0,"189":0,"197":0,"201":0,"202":0,"203":0,"204":0,"205":0,"206":0,"208":0,"211":0,"215":0,"216":0,"217":0,"219":0,"221":0,"223":0,"235":0,"238":0,"248":0,"257":0,"258":0,"262":0,"263":0,"267":0,"271":0,"272":0,"275":0,"278":0,"281":0,"283":0,"292":0,"293":0,"295":0,"298":0,"306":0,"314":0,"317":0,"318":0,"319":0,"320":0,"323":0,"324":0,"326":0,"327":0,"331":0,"340":0,"341":0,"342":0,"345":0,"361":0,"362":0,"363":0,"365":0,"372":0,"380":0,"389":0,"403":0,"405":0,"406":0,"407":0,"412":0,"413":0,"414":0,"415":0,"416":0,"420":0,"421":0,"422":0,"430":0,"437":0},"path":"/Users/maengseojun/Documents/Project/cryptoindex/dev5/contracts/ChainlinkKeepers.sol","s":{"1":0,"2":0,"3":0,"4":0,"5":0,"6":0,"7":0,"8":0,"9":0,"10":0,"11":0,"12":0,"13":0,"14":0,"15":0,"16":0,"17":0,"18":0,"19":0,"20":0,"21":0,"22":0,"23":0,"24":0,"25":0,"26":0,"27":0,"28":0,"29":0,"30":0,"31":0,"32":0,"33":0,"34":0,"35":0,"36":0,"37":0,"38":0,"39":0,"40":0,"41":0,"42":0,"43":0,"44":0,"45":0,"46":0,"47":0,"48":0,"49":0,"50":0,"51":0,"52":0,"53":0,"54":0,"55":0,"56":0,"57":0,"58":0,"59":0,"60":0,"61":0,"62":0,"63":0,"64":0,"65":0,"66":0,"67":0,"68":0,"69":0,"70":0,"71":0,"72":0,"73":0,"74":0,"75":0,"76":0,"77":0,"78":0,"79":0,"80":0,"81":0,"82":0,"83":0},"b":{"1":[0,0],"2":[0,0],"3":[0,0],"4":[0,0],"5":[0,0],"6":[0,0],"7":[0,0],"8":[0,0],"9":[0,0],"10":[0,0],"11":[0,0],"12":[0,0],"13":[0,0],"14":[0,0],"15":[0,0],"16":[0,0],"17":[0,0],"18":[0,0],"19":[0,0],"20":[0,0],"21":[0,0],"22":[0,0],"23":[0,0],"24":[0,0],"25":[0,0],"26":[0,0],"27":[0,0],"28":[0,0],"29":[0,0],"30":[0,0],"31":[0,0]},"f":{"1":0,"2":0,"3":0,"4":0,"5":0,"6":0,"7":0,"8":0,"9":0,"10":0,"11":0,"12":0,"13":0,"14":0},"fnMap":{"1":{"name":"constructor","line":81,"loc":{"start":{"line":81,"column":4},"end":{"line":97,"column":4}}},"2":{"name":"checkUpkeep","line":105,"loc":{"start":{"line":105,"column":4},"end":{"line":169,"column":4}}},"3":{"name":"performUpkeep","line":175,"loc":{"start":{"line":175,"column":4},"end":{"line":228,"column":4}}},"4":{"name":"_performVaultUpkeep","line":234,"loc":{"start":{"line":234,"column":4},"end":{"line":239,"column":4}}},"5":{"name":"_checkVaultHealth","line":247,"loc":{"start":{"line":247,"column":4},"end":{"line":285,"column":4}}},"6":{"name":"addManagedVault","line":291,"loc":{"start":{"line":291,"column":4},"end":{"line":307,"column":4}}},"7":{"name":"removeManagedVault","line":313,"loc":{"start":{"line":313,"column":4},"end":{"line":332,"column":4}}},"8":{"name":"_isVaultManaged","line":339,"loc":{"start":{"line":339,"column":4},"end":{"line":346,"column":4}}},"9":{"name":"updateKeeperConfig","line":360,"loc":{"start":{"line":355,"column":4},"end":{"line":373,"column":4}}},"10":{"name":"getManagedVaults","line":379,"loc":{"start":{"line":379,"column":4},"end":{"line":381,"column":4}}},"11":{"name":"getVaultHealth","line":388,"loc":{"start":{"line":388,"column":4},"end":{"line":390,"column":4}}},"12":{"name":"getKeeperStats","line":398,"loc":{"start":{"line":398,"column":4},"end":{"line":424,"column":4}}},"13":{"name":"emergencyPause","line":429,"loc":{"start":{"line":429,"column":4},"end":{"line":431,"column":4}}},"14":{"name":"emergencyUnpause","line":436,"loc":{"start":{"line":436,"column":4},"end":{"line":438,"column":4}}}},"statementMap":{"1":{"start":{"line":82,"column":8},"end":{"line":82,"column":96}},"2":{"start":{"line":94,"column":8},"end":{"line":94,"column":49}},"3":{"start":{"line":95,"column":8},"end":{"line":95,"column":42}},"4":{"start":{"line":96,"column":8},"end":{"line":96,"column":49}},"5":{"start":{"line":111,"column":8},"end":{"line":111,"column":3612}},"6":{"start":{"line":112,"column":12},"end":{"line":112,"column":37}},"7":{"start":{"line":115,"column":8},"end":{"line":115,"column":49}},"8":{"start":{"line":116,"column":8},"end":{"line":116,"column":3771}},"9":{"start":{"line":117,"column":12},"end":{"line":117,"column":37}},"10":{"start":{"line":121,"column":8},"end":{"line":121,"column":47}},"11":{"start":{"line":122,"column":8},"end":{"line":122,"column":71}},"12":{"start":{"line":123,"column":8},"end":{"line":123,"column":4025}},"13":{"start":{"line":127,"column":8},"end":{"line":127,"column":77}},"14":{"start":{"line":128,"column":8},"end":{"line":128,"column":69}},"15":{"start":{"line":129,"column":8},"end":{"line":129,"column":30}},"16":{"start":{"line":132,"column":8},"end":{"line":132,"column":4335}},"17":{"start":{"line":133,"column":12},"end":{"line":133,"column":44}},"18":{"start":{"line":136,"column":12},"end":{"line":136,"column":4500}},"19":{"start":{"line":141,"column":12},"end":{"line":141,"column":82}},"20":{"start":{"line":143,"column":12},"end":{"line":143,"column":4783}},"21":{"start":{"line":150,"column":8},"end":{"line":150,"column":4969}},"22":{"start":{"line":152,"column":12},"end":{"line":152,"column":72}},"23":{"start":{"line":153,"column":12},"end":{"line":153,"column":69}},"24":{"start":{"line":155,"column":12},"end":{"line":155,"column":5207}},"25":{"start":{"line":160,"column":12},"end":{"line":160,"column":5394}},"26":{"start":{"line":176,"column":8},"end":{"line":176,"column":53}},"27":{"start":{"line":178,"column":8},"end":{"line":178,"column":76}},"28":{"start":{"line":179,"column":8},"end":{"line":179,"column":38}},"29":{"start":{"line":180,"column":8},"end":{"line":180,"column":38}},"30":{"start":{"line":182,"column":8},"end":{"line":182,"column":6162}},"31":{"start":{"line":183,"column":12},"end":{"line":183,"column":59}},"32":{"start":{"line":185,"column":12},"end":{"line":185,"column":6320}},"33":{"start":{"line":197,"column":16},"end":{"line":197,"column":89}},"34":{"start":{"line":201,"column":16},"end":{"line":201,"column":67}},"35":{"start":{"line":208,"column":16},"end":{"line":208,"column":63}},"36":{"start":{"line":215,"column":8},"end":{"line":215,"column":79}},"37":{"start":{"line":216,"column":8},"end":{"line":216,"column":7628}},"38":{"start":{"line":221,"column":8},"end":{"line":221,"column":48}},"39":{"start":{"line":223,"column":8},"end":{"line":223,"column":7842}},"40":{"start":{"line":235,"column":8},"end":{"line":235,"column":78}},"41":{"start":{"line":238,"column":8},"end":{"line":238,"column":52}},"42":{"start":{"line":248,"column":8},"end":{"line":248,"column":8684}},"43":{"start":{"line":257,"column":12},"end":{"line":257,"column":9012}},"44":{"start":{"line":258,"column":16},"end":{"line":258,"column":49}},"45":{"start":{"line":262,"column":12},"end":{"line":262,"column":9159}},"46":{"start":{"line":263,"column":16},"end":{"line":263,"column":53}},"47":{"start":{"line":267,"column":12},"end":{"line":267,"column":9323}},"48":{"start":{"line":271,"column":16},"end":{"line":271,"column":9512}},"49":{"start":{"line":272,"column":20},"end":{"line":272,"column":55}},"50":{"start":{"line":275,"column":16},"end":{"line":275,"column":66}},"51":{"start":{"line":278,"column":12},"end":{"line":278,"column":46}},"52":{"start":{"line":281,"column":12},"end":{"line":281,"column":82}},"53":{"start":{"line":283,"column":12},"end":{"line":283,"column":64}},"54":{"start":{"line":292,"column":8},"end":{"line":292,"column":70}},"55":{"start":{"line":293,"column":8},"end":{"line":293,"column":82}},"56":{"start":{"line":295,"column":8},"end":{"line":295,"column":32}},"57":{"start":{"line":306,"column":8},"end":{"line":306,"column":42}},"58":{"start":{"line":314,"column":8},"end":{"line":314,"column":70}},"59":{"start":{"line":317,"column":8},"end":{"line":317,"column":11021}},"60":{"start":{"line":318,"column":12},"end":{"line":318,"column":11090}},"61":{"start":{"line":320,"column":16},"end":{"line":320,"column":34}},"62":{"start":{"line":326,"column":16},"end":{"line":326,"column":40}},"63":{"start":{"line":327,"column":16},"end":{"line":327,"column":22}},"64":{"start":{"line":331,"column":8},"end":{"line":331,"column":50}},"65":{"start":{"line":340,"column":8},"end":{"line":340,"column":11790}},"66":{"start":{"line":341,"column":12},"end":{"line":341,"column":11859}},"67":{"start":{"line":342,"column":16},"end":{"line":342,"column":27}},"68":{"start":{"line":345,"column":8},"end":{"line":345,"column":20}},"69":{"start":{"line":361,"column":8},"end":{"line":361,"column":75}},"70":{"start":{"line":362,"column":8},"end":{"line":362,"column":87}},"71":{"start":{"line":363,"column":8},"end":{"line":363,"column":73}},"72":{"start":{"line":372,"column":8},"end":{"line":372,"column":87}},"73":{"start":{"line":380,"column":8},"end":{"line":380,"column":28}},"74":{"start":{"line":389,"column":8},"end":{"line":389,"column":37}},"75":{"start":{"line":405,"column":8},"end":{"line":405,"column":13920}},"76":{"start":{"line":406,"column":12},"end":{"line":406,"column":13989}},"77":{"start":{"line":412,"column":8},"end":{"line":412,"column":45}},"78":{"start":{"line":413,"column":8},"end":{"line":413,"column":14216}},"79":{"start":{"line":414,"column":12},"end":{"line":414,"column":68}},"80":{"start":{"line":415,"column":12},"end":{"line":415,"column":14355}},"81":{"start":{"line":421,"column":8},"end":{"line":421,"column":14540}},"82":{"start":{"line":430,"column":8},"end":{"line":430,"column":15}},"83":{"start":{"line":437,"column":8},"end":{"line":437,"column":17}}},"branchMap":{"1":{"line":82,"type":"if","locations":[{"start":{"line":82,"column":8},"end":{"line":82,"column":8}},{"start":{"line":82,"column":8},"end":{"line":82,"column":8}}]},"2":{"line":111,"type":"if","locations":[{"start":{"line":111,"column":8},"end":{"line":111,"column":8}},{"start":{"line":111,"column":8},"end":{"line":111,"column":8}}]},"3":{"line":111,"type":"cond-expr","locations":[{"start":{"line":111,"column":12},"end":{"line":111,"column":33}},{"start":{"line":111,"column":38},"end":{"line":111,"column":45}}]},"4":{"line":116,"type":"if","locations":[{"start":{"line":116,"column":8},"end":{"line":116,"column":8}},{"start":{"line":116,"column":8},"end":{"line":116,"column":8}}]},"5":{"line":123,"type":"if","locations":[{"start":{"line":123,"column":8},"end":{"line":123,"column":8}},{"start":{"line":123,"column":8},"end":{"line":123,"column":8}}]},"6":{"line":136,"type":"if","locations":[{"start":{"line":136,"column":12},"end":{"line":136,"column":12}},{"start":{"line":136,"column":12},"end":{"line":136,"column":12}}]},"7":{"line":143,"type":"if","locations":[{"start":{"line":143,"column":12},"end":{"line":143,"column":12}},{"start":{"line":143,"column":12},"end":{"line":143,"column":12}}]},"8":{"line":150,"type":"if","locations":[{"start":{"line":150,"column":8},"end":{"line":150,"column":8}},{"start":{"line":150,"column":8},"end":{"line":150,"column":8}}]},"9":{"line":175,"type":"if","locations":[{"start":{"line":175,"column":73},"end":{"line":175,"column":73}},{"start":{"line":175,"column":73},"end":{"line":175,"column":73}}]},"10":{"line":176,"type":"if","locations":[{"start":{"line":176,"column":8},"end":{"line":176,"column":8}},{"start":{"line":176,"column":8},"end":{"line":176,"column":8}}]},"11":{"line":216,"type":"if","locations":[{"start":{"line":216,"column":8},"end":{"line":216,"column":8}},{"start":{"line":216,"column":8},"end":{"line":216,"column":8}}]},"12":{"line":235,"type":"if","locations":[{"start":{"line":235,"column":8},"end":{"line":235,"column":8}},{"start":{"line":235,"column":8},"end":{"line":235,"column":8}}]},"13":{"line":257,"type":"if","locations":[{"start":{"line":257,"column":12},"end":{"line":257,"column":12}},{"start":{"line":257,"column":12},"end":{"line":257,"column":12}}]},"14":{"line":262,"type":"if","locations":[{"start":{"line":262,"column":12},"end":{"line":262,"column":12}},{"start":{"line":262,"column":12},"end":{"line":262,"column":12}}]},"15":{"line":271,"type":"if","locations":[{"start":{"line":271,"column":16},"end":{"line":271,"column":16}},{"start":{"line":271,"column":16},"end":{"line":271,"column":16}}]},"16":{"line":291,"type":"if","locations":[{"start":{"line":291,"column":53},"end":{"line":291,"column":53}},{"start":{"line":291,"column":53},"end":{"line":291,"column":53}}]},"17":{"line":292,"type":"if","locations":[{"start":{"line":292,"column":8},"end":{"line":292,"column":8}},{"start":{"line":292,"column":8},"end":{"line":292,"column":8}}]},"18":{"line":293,"type":"if","locations":[{"start":{"line":293,"column":8},"end":{"line":293,"column":8}},{"start":{"line":293,"column":8},"end":{"line":293,"column":8}}]},"19":{"line":313,"type":"if","locations":[{"start":{"line":313,"column":56},"end":{"line":313,"column":56}},{"start":{"line":313,"column":56},"end":{"line":313,"column":56}}]},"20":{"line":314,"type":"if","locations":[{"start":{"line":314,"column":8},"end":{"line":314,"column":8}},{"start":{"line":314,"column":8},"end":{"line":314,"column":8}}]},"21":{"line":318,"type":"if","locations":[{"start":{"line":318,"column":12},"end":{"line":318,"column":12}},{"start":{"line":318,"column":12},"end":{"line":318,"column":12}}]},"22":{"line":341,"type":"if","locations":[{"start":{"line":341,"column":12},"end":{"line":341,"column":12}},{"start":{"line":341,"column":12},"end":{"line":341,"column":12}}]},"23":{"line":360,"type":"if","locations":[{"start":{"line":360,"column":15},"end":{"line":360,"column":15}},{"start":{"line":360,"column":15},"end":{"line":360,"column":15}}]},"24":{"line":361,"type":"if","locations":[{"start":{"line":361,"column":8},"end":{"line":361,"column":8}},{"start":{"line":361,"column":8},"end":{"line":361,"column":8}}]},"25":{"line":362,"type":"if","locations":[{"start":{"line":362,"column":8},"end":{"line":362,"column":8}},{"start":{"line":362,"column":8},"end":{"line":362,"column":8}}]},"26":{"line":363,"type":"if","locations":[{"start":{"line":363,"column":8},"end":{"line":363,"column":8}},{"start":{"line":363,"column":8},"end":{"line":363,"column":8}}]},"27":{"line":406,"type":"if","locations":[{"start":{"line":406,"column":12},"end":{"line":406,"column":12}},{"start":{"line":406,"column":12},"end":{"line":406,"column":12}}]},"28":{"line":415,"type":"if","locations":[{"start":{"line":415,"column":12},"end":{"line":415,"column":12}},{"start":{"line":415,"column":12},"end":{"line":415,"column":12}}]},"29":{"line":421,"type":"if","locations":[{"start":{"line":421,"column":8},"end":{"line":421,"column":8}},{"start":{"line":421,"column":8},"end":{"line":421,"column":8}}]},"30":{"line":429,"type":"if","locations":[{"start":{"line":429,"column":39},"end":{"line":429,"column":39}},{"start":{"line":429,"column":39},"end":{"line":429,"column":39}}]},"31":{"line":436,"type":"if","locations":[{"start":{"line":436,"column":41},"end":{"line":436,"column":41}},{"start":{"line":436,"column":41},"end":{"line":436,"column":41}}]}}},"contracts/ChainVault.sol":{"l":{"33":0,"34":0,"38":0,"39":0,"43":0,"44":0,"45":0,"48":0,"56":0,"63":0,"66":0,"73":0,"76":0,"83":0,"94":0,"95":0,"96":0,"99":0,"101":0,"104":0,"105":0,"106":0,"107":0,"108":0,"111":0,"112":0,"114":0,"126":0,"127":0,"128":0,"129":0,"131":0,"132":0,"135":0,"136":0,"139":0,"141":0,"151":0,"162":0,"163":0,"172":0,"173":0,"175":0,"176":0,"184":0,"191":0,"204":0,"205":0,"206":0,"208":0,"210":0,"219":0,"220":0,"228":0,"230":0,"231":0,"243":0,"244":0,"245":0,"247":0,"249":0,"250":0,"251":0,"252":0,"254":0,"255":0,"256":0,"264":0,"271":0,"278":0,"285":0},"path":"/Users/maengseojun/Documents/Project/cryptoindex/dev5/contracts/ChainVault.sol","s":{"1":0,"2":0,"3":0,"4":0,"5":0,"6":0,"7":0,"8":0,"9":0,"10":0,"11":0,"12":0,"13":0,"14":0,"15":0,"16":0,"17":0,"18":0,"19":0,"20":0,"21":0,"22":0,"23":0,"24":0,"25":0,"26":0,"27":0,"28":0,"29":0,"30":0,"31":0,"32":0,"33":0,"34":0,"35":0,"36":0,"37":0,"38":0,"39":0,"40":0,"41":0,"42":0,"43":0,"44":0,"45":0,"46":0,"47":0,"48":0,"49":0},"b":{"1":[0,0],"2":[0,0],"3":[0,0],"4":[0,0],"5":[0,0],"6":[0,0],"7":[0,0],"8":[0,0],"9":[0,0],"10":[0,0],"11":[0,0],"12":[0,0],"13":[0,0],"14":[0,0],"15":[0,0],"16":[0,0],"17":[0,0],"18":[0,0],"19":[0,0],"20":[0,0],"21":[0,0],"22":[0,0],"23":[0,0],"24":[0,0],"25":[0,0],"26":[0,0],"27":[0,0],"28":[0,0],"29":[0,0],"30":[0,0],"31":[0,0],"32":[0,0],"33":[0,0]},"f":{"1":0,"2":0,"3":0,"4":0,"5":0,"6":0,"7":0,"8":0,"9":0,"10":0,"11":0,"12":0,"13":0,"14":0,"15":0,"16":0,"17":0,"18":0},"fnMap":{"1":{"name":"whenNotPaused","line":32,"loc":{"start":{"line":32,"column":4},"end":{"line":35,"column":4}}},"2":{"name":"validChain","line":37,"loc":{"start":{"line":37,"column":4},"end":{"line":40,"column":4}}},"3":{"name":"constructor","line":42,"loc":{"start":{"line":42,"column":4},"end":{"line":49,"column":4}}},"4":{"name":"_initializeDefaultChains","line":54,"loc":{"start":{"line":54,"column":4},"end":{"line":84,"column":4}}},"5":{"name":"depositTokens","line":93,"loc":{"start":{"line":89,"column":4},"end":{"line":115,"column":4}}},"6":{"name":"withdrawTokens","line":125,"loc":{"start":{"line":120,"column":4},"end":{"line":142,"column":4}}},"7":{"name":"getVaultBalance","line":147,"loc":{"start":{"line":147,"column":4},"end":{"line":152,"column":4}}},"8":{"name":"hasSufficientBalance","line":157,"loc":{"start":{"line":157,"column":4},"end":{"line":164,"column":4}}},"9":{"name":"getFundVaultBalances","line":169,"loc":{"start":{"line":169,"column":4},"end":{"line":178,"column":4}}},"10":{"name":"getChainInfo","line":183,"loc":{"start":{"line":183,"column":4},"end":{"line":185,"column":4}}},"11":{"name":"getSupportedChains","line":190,"loc":{"start":{"line":190,"column":4},"end":{"line":192,"column":4}}},"12":{"name":"setChainVault","line":203,"loc":{"start":{"line":197,"column":4},"end":{"line":222,"column":4}}},"13":{"name":"setVaultStatus","line":227,"loc":{"start":{"line":227,"column":4},"end":{"line":232,"column":4}}},"14":{"name":"lockBalance","line":242,"loc":{"start":{"line":237,"column":4},"end":{"line":258,"column":4}}},"15":{"name":"emergencyPause","line":263,"loc":{"start":{"line":263,"column":4},"end":{"line":265,"column":4}}},"16":{"name":"emergencyUnpause","line":270,"loc":{"start":{"line":270,"column":4},"end":{"line":272,"column":4}}},"17":{"name":"getFundTokens","line":277,"loc":{"start":{"line":277,"column":4},"end":{"line":279,"column":4}}},"18":{"name":"isPaused","line":284,"loc":{"start":{"line":284,"column":4},"end":{"line":286,"column":4}}}},"statementMap":{"1":{"start":{"line":33,"column":8},"end":{"line":33,"column":45}},"2":{"start":{"line":38,"column":8},"end":{"line":38,"column":75}},"3":{"start":{"line":43,"column":8},"end":{"line":43,"column":49}},"4":{"start":{"line":44,"column":8},"end":{"line":44,"column":49}},"5":{"start":{"line":45,"column":8},"end":{"line":45,"column":45}},"6":{"start":{"line":48,"column":8},"end":{"line":48,"column":33}},"7":{"start":{"line":63,"column":8},"end":{"line":63,"column":30}},"8":{"start":{"line":73,"column":8},"end":{"line":73,"column":31}},"9":{"start":{"line":83,"column":8},"end":{"line":83,"column":32}},"10":{"start":{"line":94,"column":8},"end":{"line":94,"column":67}},"11":{"start":{"line":95,"column":8},"end":{"line":95,"column":79}},"12":{"start":{"line":96,"column":8},"end":{"line":96,"column":65}},"13":{"start":{"line":99,"column":8},"end":{"line":99,"column":79}},"14":{"start":{"line":101,"column":8},"end":{"line":101,"column":74}},"15":{"start":{"line":104,"column":8},"end":{"line":104,"column":3507}},"16":{"start":{"line":108,"column":12},"end":{"line":108,"column":48}},"17":{"start":{"line":114,"column":8},"end":{"line":114,"column":73}},"18":{"start":{"line":126,"column":8},"end":{"line":126,"column":67}},"19":{"start":{"line":127,"column":8},"end":{"line":127,"column":79}},"20":{"start":{"line":128,"column":8},"end":{"line":128,"column":65}},"21":{"start":{"line":129,"column":8},"end":{"line":129,"column":72}},"22":{"start":{"line":131,"column":8},"end":{"line":131,"column":74}},"23":{"start":{"line":132,"column":8},"end":{"line":132,"column":96}},"24":{"start":{"line":139,"column":8},"end":{"line":139,"column":59}},"25":{"start":{"line":141,"column":8},"end":{"line":141,"column":84}},"26":{"start":{"line":151,"column":8},"end":{"line":151,"column":50}},"27":{"start":{"line":162,"column":8},"end":{"line":162,"column":74}},"28":{"start":{"line":163,"column":8},"end":{"line":163,"column":49}},"29":{"start":{"line":172,"column":8},"end":{"line":172,"column":52}},"30":{"start":{"line":175,"column":8},"end":{"line":175,"column":6041}},"31":{"start":{"line":184,"column":8},"end":{"line":184,"column":33}},"32":{"start":{"line":191,"column":8},"end":{"line":191,"column":30}},"33":{"start":{"line":204,"column":8},"end":{"line":204,"column":59}},"34":{"start":{"line":205,"column":8},"end":{"line":205,"column":77}},"35":{"start":{"line":206,"column":8},"end":{"line":206,"column":79}},"36":{"start":{"line":208,"column":8},"end":{"line":208,"column":59}},"37":{"start":{"line":219,"column":8},"end":{"line":219,"column":7429}},"38":{"start":{"line":220,"column":12},"end":{"line":220,"column":40}},"39":{"start":{"line":228,"column":8},"end":{"line":228,"column":78}},"40":{"start":{"line":231,"column":8},"end":{"line":231,"column":48}},"41":{"start":{"line":243,"column":8},"end":{"line":243,"column":67}},"42":{"start":{"line":244,"column":8},"end":{"line":244,"column":79}},"43":{"start":{"line":245,"column":8},"end":{"line":245,"column":65}},"44":{"start":{"line":247,"column":8},"end":{"line":247,"column":74}},"45":{"start":{"line":249,"column":8},"end":{"line":249,"column":8455}},"46":{"start":{"line":250,"column":12},"end":{"line":250,"column":100}},"47":{"start":{"line":254,"column":12},"end":{"line":254,"column":94}},"48":{"start":{"line":278,"column":8},"end":{"line":278,"column":33}},"49":{"start":{"line":285,"column":8},"end":{"line":285,"column":21}}},"branchMap":{"1":{"line":33,"type":"if","locations":[{"start":{"line":33,"column":8},"end":{"line":33,"column":8}},{"start":{"line":33,"column":8},"end":{"line":33,"column":8}}]},"2":{"line":38,"type":"if","locations":[{"start":{"line":38,"column":8},"end":{"line":38,"column":8}},{"start":{"line":38,"column":8},"end":{"line":38,"column":8}}]},"3":{"line":93,"type":"if","locations":[{"start":{"line":93,"column":24},"end":{"line":93,"column":24}},{"start":{"line":93,"column":24},"end":{"line":93,"column":24}}]},"4":{"line":93,"type":"if","locations":[{"start":{"line":93,"column":53},"end":{"line":93,"column":53}},{"start":{"line":93,"column":53},"end":{"line":93,"column":53}}]},"5":{"line":93,"type":"if","locations":[{"start":{"line":93,"column":67},"end":{"line":93,"column":67}},{"start":{"line":93,"column":67},"end":{"line":93,"column":67}}]},"6":{"line":94,"type":"if","locations":[{"start":{"line":94,"column":8},"end":{"line":94,"column":8}},{"start":{"line":94,"column":8},"end":{"line":94,"column":8}}]},"7":{"line":95,"type":"if","locations":[{"start":{"line":95,"column":8},"end":{"line":95,"column":8}},{"start":{"line":95,"column":8},"end":{"line":95,"column":8}}]},"8":{"line":96,"type":"if","locations":[{"start":{"line":96,"column":8},"end":{"line":96,"column":8}},{"start":{"line":96,"column":8},"end":{"line":96,"column":8}}]},"9":{"line":104,"type":"if","locations":[{"start":{"line":104,"column":8},"end":{"line":104,"column":8}},{"start":{"line":104,"column":8},"end":{"line":104,"column":8}}]},"10":{"line":125,"type":"if","locations":[{"start":{"line":125,"column":24},"end":{"line":125,"column":24}},{"start":{"line":125,"column":24},"end":{"line":125,"column":24}}]},"11":{"line":125,"type":"if","locations":[{"start":{"line":125,"column":58},"end":{"line":125,"column":58}},{"start":{"line":125,"column":58},"end":{"line":125,"column":58}}]},"12":{"line":125,"type":"if","locations":[{"start":{"line":125,"column":72},"end":{"line":125,"column":72}},{"start":{"line":125,"column":72},"end":{"line":125,"column":72}}]},"13":{"line":126,"type":"if","locations":[{"start":{"line":126,"column":8},"end":{"line":126,"column":8}},{"start":{"line":126,"column":8},"end":{"line":126,"column":8}}]},"14":{"line":127,"type":"if","locations":[{"start":{"line":127,"column":8},"end":{"line":127,"column":8}},{"start":{"line":127,"column":8},"end":{"line":127,"column":8}}]},"15":{"line":128,"type":"if","locations":[{"start":{"line":128,"column":8},"end":{"line":128,"column":8}},{"start":{"line":128,"column":8},"end":{"line":128,"column":8}}]},"16":{"line":129,"type":"if","locations":[{"start":{"line":129,"column":8},"end":{"line":129,"column":8}},{"start":{"line":129,"column":8},"end":{"line":129,"column":8}}]},"17":{"line":132,"type":"if","locations":[{"start":{"line":132,"column":8},"end":{"line":132,"column":8}},{"start":{"line":132,"column":8},"end":{"line":132,"column":8}}]},"18":{"line":203,"type":"if","locations":[{"start":{"line":203,"column":24},"end":{"line":203,"column":24}},{"start":{"line":203,"column":24},"end":{"line":203,"column":24}}]},"19":{"line":204,"type":"if","locations":[{"start":{"line":204,"column":8},"end":{"line":204,"column":8}},{"start":{"line":204,"column":8},"end":{"line":204,"column":8}}]},"20":{"line":205,"type":"if","locations":[{"start":{"line":205,"column":8},"end":{"line":205,"column":8}},{"start":{"line":205,"column":8},"end":{"line":205,"column":8}}]},"21":{"line":206,"type":"if","locations":[{"start":{"line":206,"column":8},"end":{"line":206,"column":8}},{"start":{"line":206,"column":8},"end":{"line":206,"column":8}}]},"22":{"line":219,"type":"if","locations":[{"start":{"line":219,"column":8},"end":{"line":219,"column":8}},{"start":{"line":219,"column":8},"end":{"line":219,"column":8}}]},"23":{"line":227,"type":"if","locations":[{"start":{"line":227,"column":76},"end":{"line":227,"column":76}},{"start":{"line":227,"column":76},"end":{"line":227,"column":76}}]},"24":{"line":228,"type":"if","locations":[{"start":{"line":228,"column":8},"end":{"line":228,"column":8}},{"start":{"line":228,"column":8},"end":{"line":228,"column":8}}]},"25":{"line":242,"type":"if","locations":[{"start":{"line":242,"column":24},"end":{"line":242,"column":24}},{"start":{"line":242,"column":24},"end":{"line":242,"column":24}}]},"26":{"line":243,"type":"if","locations":[{"start":{"line":243,"column":8},"end":{"line":243,"column":8}},{"start":{"line":243,"column":8},"end":{"line":243,"column":8}}]},"27":{"line":244,"type":"if","locations":[{"start":{"line":244,"column":8},"end":{"line":244,"column":8}},{"start":{"line":244,"column":8},"end":{"line":244,"column":8}}]},"28":{"line":245,"type":"if","locations":[{"start":{"line":245,"column":8},"end":{"line":245,"column":8}},{"start":{"line":245,"column":8},"end":{"line":245,"column":8}}]},"29":{"line":249,"type":"if","locations":[{"start":{"line":249,"column":8},"end":{"line":249,"column":8}},{"start":{"line":249,"column":8},"end":{"line":249,"column":8}}]},"30":{"line":250,"type":"if","locations":[{"start":{"line":250,"column":12},"end":{"line":250,"column":12}},{"start":{"line":250,"column":12},"end":{"line":250,"column":12}}]},"31":{"line":254,"type":"if","locations":[{"start":{"line":254,"column":12},"end":{"line":254,"column":12}},{"start":{"line":254,"column":12},"end":{"line":254,"column":12}}]},"32":{"line":263,"type":"if","locations":[{"start":{"line":263,"column":39},"end":{"line":263,"column":39}},{"start":{"line":263,"column":39},"end":{"line":263,"column":39}}]},"33":{"line":270,"type":"if","locations":[{"start":{"line":270,"column":41},"end":{"line":270,"column":41}},{"start":{"line":270,"column":41},"end":{"line":270,"column":41}}]}}},"contracts/EventMonitor.sol":{"l":{"113":0,"114":0,"115":0,"118":0,"126":0,"137":0,"149":0,"160":0,"172":0,"184":0,"196":0,"221":0,"223":0,"226":0,"227":0,"231":0,"232":0,"236":0,"238":0,"242":0,"244":0,"256":0,"259":0,"260":0,"264":0,"266":0,"275":0,"278":0,"279":0,"280":0,"284":0,"285":0,"286":0,"290":0,"291":0,"292":0,"304":0,"315":0,"331":0,"339":0,"340":0,"342":0,"344":0,"355":0,"356":0,"357":0,"358":0,"359":0,"383":0,"385":0,"386":0,"387":0,"388":0,"389":0,"390":0,"392":0,"404":0,"406":0,"407":0,"419":0,"420":0,"422":0,"434":0,"435":0,"437":0,"446":0,"447":0,"460":0,"461":0,"463":0,"465":0,"466":0,"481":0,"482":0,"483":0,"484":0,"488":0,"489":0,"491":0,"492":0,"493":0,"494":0,"504":0,"505":0,"509":0,"510":0,"511":0,"514":0,"530":0,"532":0,"534":0,"535":0,"537":0,"538":0,"541":0,"543":0,"546":0,"547":0,"556":0,"563":0},"path":"/Users/maengseojun/Documents/Project/cryptoindex/dev5/contracts/EventMonitor.sol","s":{"1":0,"2":0,"3":0,"4":0,"5":0,"6":0,"7":0,"8":0,"9":0,"10":0,"11":0,"12":0,"13":0,"14":0,"15":0,"16":0,"17":0,"18":0,"19":0,"20":0,"21":0,"22":0,"23":0,"24":0,"25":0,"26":0,"27":0,"28":0,"29":0,"30":0,"31":0,"32":0,"33":0,"34":0,"35":0,"36":0,"37":0,"38":0,"39":0,"40":0,"41":0,"42":0,"43":0,"44":0,"45":0,"46":0,"47":0,"48":0,"49":0,"50":0,"51":0,"52":0,"53":0,"54":0,"55":0,"56":0,"57":0,"58":0,"59":0,"60":0,"61":0,"62":0,"63":0,"64":0},"b":{"1":[0,0],"2":[0,0],"3":[0,0],"4":[0,0],"5":[0,0],"6":[0,0],"7":[0,0],"8":[0,0],"9":[0,0],"10":[0,0],"11":[0,0],"12":[0,0],"13":[0,0],"14":[0,0],"15":[0,0],"16":[0,0],"17":[0,0],"18":[0,0],"19":[0,0],"20":[0,0],"21":[0,0],"22":[0,0],"23":[0,0],"24":[0,0],"25":[0,0],"26":[0,0],"27":[0,0],"28":[0,0],"29":[0,0]},"f":{"1":0,"2":0,"3":0,"4":0,"5":0,"6":0,"7":0,"8":0,"9":0,"10":0,"11":0,"12":0,"13":0,"14":0,"15":0,"16":0,"17":0,"18":0,"19":0,"20":0},"fnMap":{"1":{"name":"constructor","line":112,"loc":{"start":{"line":112,"column":4},"end":{"line":119,"column":4}}},"2":{"name":"_initializeDefaultAlertRules","line":124,"loc":{"start":{"line":124,"column":4},"end":{"line":206,"column":4}}},"3":{"name":"triggerAlert","line":220,"loc":{"start":{"line":215,"column":4},"end":{"line":267,"column":4}}},"4":{"name":"_sendNotifications","line":274,"loc":{"start":{"line":274,"column":4},"end":{"line":294,"column":4}}},"5":{"name":"_sendDiscordNotification","line":301,"loc":{"start":{"line":301,"column":4},"end":{"line":305,"column":4}}},"6":{"name":"_sendEmailNotification","line":312,"loc":{"start":{"line":312,"column":4},"end":{"line":316,"column":4}}},"7":{"name":"_sendWebhookNotification","line":324,"loc":{"start":{"line":324,"column":4},"end":{"line":332,"column":4}}},"8":{"name":"acknowledgeAlert","line":338,"loc":{"start":{"line":338,"column":4},"end":{"line":345,"column":4}}},"9":{"name":"batchAcknowledgeAlerts","line":353,"loc":{"start":{"line":351,"column":4},"end":{"line":362,"column":4}}},"10":{"name":"updateAlertRule","line":382,"loc":{"start":{"line":374,"column":4},"end":{"line":393,"column":4}}},"11":{"name":"authorizeSource","line":402,"loc":{"start":{"line":400,"column":4},"end":{"line":408,"column":4}}},"12":{"name":"configureDiscord","line":417,"loc":{"start":{"line":415,"column":4},"end":{"line":423,"column":4}}},"13":{"name":"configureEmail","line":432,"loc":{"start":{"line":430,"column":4},"end":{"line":438,"column":4}}},"14":{"name":"getAlert","line":445,"loc":{"start":{"line":445,"column":4},"end":{"line":448,"column":4}}},"15":{"name":"getRecentAlerts","line":455,"loc":{"start":{"line":455,"column":4},"end":{"line":468,"column":4}}},"16":{"name":"getUnacknowledgedAlerts","line":475,"loc":{"start":{"line":475,"column":4},"end":{"line":497,"column":4}}},"17":{"name":"_cleanupOldAlerts","line":502,"loc":{"start":{"line":502,"column":4},"end":{"line":515,"column":4}}},"18":{"name":"getMonitoringStats","line":524,"loc":{"start":{"line":524,"column":4},"end":{"line":550,"column":4}}},"19":{"name":"emergencyPause","line":555,"loc":{"start":{"line":555,"column":4},"end":{"line":557,"column":4}}},"20":{"name":"emergencyUnpause","line":562,"loc":{"start":{"line":562,"column":4},"end":{"line":564,"column":4}}}},"statementMap":{"1":{"start":{"line":113,"column":8},"end":{"line":113,"column":49}},"2":{"start":{"line":114,"column":8},"end":{"line":114,"column":43}},"3":{"start":{"line":115,"column":8},"end":{"line":115,"column":49}},"4":{"start":{"line":118,"column":8},"end":{"line":118,"column":37}},"5":{"start":{"line":221,"column":8},"end":{"line":221,"column":82}},"6":{"start":{"line":223,"column":8},"end":{"line":223,"column":54}},"7":{"start":{"line":226,"column":8},"end":{"line":226,"column":6516}},"8":{"start":{"line":227,"column":12},"end":{"line":227,"column":18}},"9":{"start":{"line":231,"column":8},"end":{"line":231,"column":6619}},"10":{"start":{"line":232,"column":12},"end":{"line":232,"column":18}},"11":{"start":{"line":236,"column":8},"end":{"line":236,"column":6734}},"12":{"start":{"line":238,"column":12},"end":{"line":238,"column":18}},"13":{"start":{"line":242,"column":8},"end":{"line":242,"column":39}},"14":{"start":{"line":259,"column":8},"end":{"line":259,"column":7397}},"15":{"start":{"line":260,"column":12},"end":{"line":260,"column":30}},"16":{"start":{"line":264,"column":8},"end":{"line":264,"column":40}},"17":{"start":{"line":266,"column":8},"end":{"line":266,"column":78}},"18":{"start":{"line":275,"column":8},"end":{"line":275,"column":45}},"19":{"start":{"line":278,"column":8},"end":{"line":278,"column":7960}},"20":{"start":{"line":279,"column":12},"end":{"line":279,"column":58}},"21":{"start":{"line":280,"column":12},"end":{"line":280,"column":62}},"22":{"start":{"line":284,"column":8},"end":{"line":284,"column":8229}},"23":{"start":{"line":285,"column":12},"end":{"line":285,"column":56}},"24":{"start":{"line":286,"column":12},"end":{"line":286,"column":60}},"25":{"start":{"line":290,"column":8},"end":{"line":290,"column":8500}},"26":{"start":{"line":291,"column":12},"end":{"line":291,"column":75}},"27":{"start":{"line":292,"column":12},"end":{"line":292,"column":62}},"28":{"start":{"line":304,"column":8},"end":{"line":304,"column":19}},"29":{"start":{"line":315,"column":8},"end":{"line":315,"column":19}},"30":{"start":{"line":331,"column":8},"end":{"line":331,"column":19}},"31":{"start":{"line":339,"column":8},"end":{"line":339,"column":71}},"32":{"start":{"line":340,"column":8},"end":{"line":340,"column":89}},"33":{"start":{"line":344,"column":8},"end":{"line":344,"column":68}},"34":{"start":{"line":355,"column":8},"end":{"line":355,"column":10930}},"35":{"start":{"line":356,"column":12},"end":{"line":356,"column":41}},"36":{"start":{"line":357,"column":12},"end":{"line":357,"column":11037}},"37":{"start":{"line":359,"column":16},"end":{"line":359,"column":76}},"38":{"start":{"line":383,"column":8},"end":{"line":383,"column":54}},"39":{"start":{"line":392,"column":8},"end":{"line":392,"column":79}},"40":{"start":{"line":404,"column":8},"end":{"line":404,"column":68}},"41":{"start":{"line":407,"column":8},"end":{"line":407,"column":49}},"42":{"start":{"line":422,"column":8},"end":{"line":422,"column":65}},"43":{"start":{"line":437,"column":8},"end":{"line":437,"column":63}},"44":{"start":{"line":446,"column":8},"end":{"line":446,"column":71}},"45":{"start":{"line":447,"column":8},"end":{"line":447,"column":30}},"46":{"start":{"line":460,"column":8},"end":{"line":460,"column":71}},"47":{"start":{"line":461,"column":8},"end":{"line":461,"column":45}},"48":{"start":{"line":465,"column":8},"end":{"line":465,"column":14488}},"49":{"start":{"line":481,"column":8},"end":{"line":481,"column":25}},"50":{"start":{"line":482,"column":8},"end":{"line":482,"column":14980}},"51":{"start":{"line":483,"column":12},"end":{"line":483,"column":15057}},"52":{"start":{"line":489,"column":8},"end":{"line":489,"column":25}},"53":{"start":{"line":491,"column":8},"end":{"line":491,"column":15230}},"54":{"start":{"line":492,"column":12},"end":{"line":492,"column":15307}},"55":{"start":{"line":504,"column":8},"end":{"line":504,"column":15606}},"56":{"start":{"line":509,"column":8},"end":{"line":509,"column":15740}},"57":{"start":{"line":532,"column":8},"end":{"line":532,"column":51}},"58":{"start":{"line":534,"column":8},"end":{"line":534,"column":16542}},"59":{"start":{"line":535,"column":12},"end":{"line":535,"column":43}},"60":{"start":{"line":537,"column":12},"end":{"line":537,"column":16660}},"61":{"start":{"line":541,"column":12},"end":{"line":541,"column":16765}},"62":{"start":{"line":546,"column":12},"end":{"line":546,"column":16980}},"63":{"start":{"line":556,"column":8},"end":{"line":556,"column":15}},"64":{"start":{"line":563,"column":8},"end":{"line":563,"column":17}}},"branchMap":{"1":{"line":220,"type":"if","locations":[{"start":{"line":220,"column":15},"end":{"line":220,"column":15}},{"start":{"line":220,"column":15},"end":{"line":220,"column":15}}]},"2":{"line":221,"type":"if","locations":[{"start":{"line":221,"column":8},"end":{"line":221,"column":8}},{"start":{"line":221,"column":8},"end":{"line":221,"column":8}}]},"3":{"line":226,"type":"if","locations":[{"start":{"line":226,"column":8},"end":{"line":226,"column":8}},{"start":{"line":226,"column":8},"end":{"line":226,"column":8}}]},"4":{"line":231,"type":"if","locations":[{"start":{"line":231,"column":8},"end":{"line":231,"column":8}},{"start":{"line":231,"column":8},"end":{"line":231,"column":8}}]},"5":{"line":236,"type":"if","locations":[{"start":{"line":236,"column":8},"end":{"line":236,"column":8}},{"start":{"line":236,"column":8},"end":{"line":236,"column":8}}]},"6":{"line":259,"type":"if","locations":[{"start":{"line":259,"column":8},"end":{"line":259,"column":8}},{"start":{"line":259,"column":8},"end":{"line":259,"column":8}}]},"7":{"line":278,"type":"if","locations":[{"start":{"line":278,"column":8},"end":{"line":278,"column":8}},{"start":{"line":278,"column":8},"end":{"line":278,"column":8}}]},"8":{"line":284,"type":"if","locations":[{"start":{"line":284,"column":8},"end":{"line":284,"column":8}},{"start":{"line":284,"column":8},"end":{"line":284,"column":8}}]},"9":{"line":290,"type":"if","locations":[{"start":{"line":290,"column":8},"end":{"line":290,"column":8}},{"start":{"line":290,"column":8},"end":{"line":290,"column":8}}]},"10":{"line":338,"type":"if","locations":[{"start":{"line":338,"column":56},"end":{"line":338,"column":56}},{"start":{"line":338,"column":56},"end":{"line":338,"column":56}}]},"11":{"line":339,"type":"if","locations":[{"start":{"line":339,"column":8},"end":{"line":339,"column":8}},{"start":{"line":339,"column":8},"end":{"line":339,"column":8}}]},"12":{"line":340,"type":"if","locations":[{"start":{"line":340,"column":8},"end":{"line":340,"column":8}},{"start":{"line":340,"column":8},"end":{"line":340,"column":8}}]},"13":{"line":353,"type":"if","locations":[{"start":{"line":353,"column":8},"end":{"line":353,"column":8}},{"start":{"line":353,"column":8},"end":{"line":353,"column":8}}]},"14":{"line":357,"type":"if","locations":[{"start":{"line":357,"column":12},"end":{"line":357,"column":12}},{"start":{"line":357,"column":12},"end":{"line":357,"column":12}}]},"15":{"line":382,"type":"if","locations":[{"start":{"line":382,"column":15},"end":{"line":382,"column":15}},{"start":{"line":382,"column":15},"end":{"line":382,"column":15}}]},"16":{"line":402,"type":"if","locations":[{"start":{"line":402,"column":8},"end":{"line":402,"column":8}},{"start":{"line":402,"column":8},"end":{"line":402,"column":8}}]},"17":{"line":404,"type":"if","locations":[{"start":{"line":404,"column":8},"end":{"line":404,"column":8}},{"start":{"line":404,"column":8},"end":{"line":404,"column":8}}]},"18":{"line":417,"type":"if","locations":[{"start":{"line":417,"column":8},"end":{"line":417,"column":8}},{"start":{"line":417,"column":8},"end":{"line":417,"column":8}}]},"19":{"line":432,"type":"if","locations":[{"start":{"line":432,"column":8},"end":{"line":432,"column":8}},{"start":{"line":432,"column":8},"end":{"line":432,"column":8}}]},"20":{"line":446,"type":"if","locations":[{"start":{"line":446,"column":8},"end":{"line":446,"column":8}},{"start":{"line":446,"column":8},"end":{"line":446,"column":8}}]},"21":{"line":460,"type":"if","locations":[{"start":{"line":460,"column":48},"end":{"line":460,"column":66}},{"start":{"line":460,"column":70},"end":{"line":460,"column":70}}]},"22":{"line":483,"type":"if","locations":[{"start":{"line":483,"column":12},"end":{"line":483,"column":12}},{"start":{"line":483,"column":12},"end":{"line":483,"column":12}}]},"23":{"line":492,"type":"if","locations":[{"start":{"line":492,"column":12},"end":{"line":492,"column":12}},{"start":{"line":492,"column":12},"end":{"line":492,"column":12}}]},"24":{"line":537,"type":"if","locations":[{"start":{"line":537,"column":12},"end":{"line":537,"column":12}},{"start":{"line":537,"column":12},"end":{"line":537,"column":12}}]},"25":{"line":541,"type":"if","locations":[{"start":{"line":541,"column":12},"end":{"line":541,"column":12}},{"start":{"line":541,"column":12},"end":{"line":541,"column":12}}]},"26":{"line":542,"type":"cond-expr","locations":[{"start":{"line":542,"column":17},"end":{"line":542,"column":56}},{"start":{"line":542,"column":61},"end":{"line":542,"column":101}}]},"27":{"line":546,"type":"if","locations":[{"start":{"line":546,"column":12},"end":{"line":546,"column":12}},{"start":{"line":546,"column":12},"end":{"line":546,"column":12}}]},"28":{"line":555,"type":"if","locations":[{"start":{"line":555,"column":39},"end":{"line":555,"column":39}},{"start":{"line":555,"column":39},"end":{"line":555,"column":39}}]},"29":{"line":562,"type":"if","locations":[{"start":{"line":562,"column":41},"end":{"line":562,"column":41}},{"start":{"line":562,"column":41},"end":{"line":562,"column":41}}]}}},"contracts/FeeManager.sol":{"l":{"90":0,"91":0,"93":0,"94":0,"96":0,"97":0,"98":0,"112":0,"114":0,"115":0,"118":0,"120":0,"121":0,"125":0,"140":0,"153":0,"156":0,"164":0,"165":0,"166":0,"169":0,"170":0,"185":0,"187":0,"188":0,"191":0,"193":0,"194":0,"198":0,"202":0,"204":0,"205":0,"208":0,"211":0,"212":0,"213":0,"214":0,"216":0,"218":0,"227":0,"242":0,"243":0,"246":0,"247":0,"250":0,"267":0,"270":0,"272":0,"285":0,"287":0,"289":0,"291":0,"300":0,"303":0,"316":0,"317":0,"318":0,"321":0,"335":0,"336":0,"338":0,"339":0,"341":0,"342":0,"344":0,"356":0,"357":0,"359":0,"360":0,"362":0,"363":0,"365":0,"374":0,"394":0,"414":0,"415":0,"422":0,"429":0},"path":"/Users/maengseojun/Documents/Project/cryptoindex/dev5/contracts/FeeManager.sol","s":{"1":0,"2":0,"3":0,"4":0,"5":0,"6":0,"7":0,"8":0,"9":0,"10":0,"11":0,"12":0,"13":0,"14":0,"15":0,"16":0,"17":0,"18":0,"19":0,"20":0,"21":0,"22":0,"23":0,"24":0,"25":0,"26":0,"27":0,"28":0,"29":0,"30":0,"31":0,"32":0,"33":0,"34":0,"35":0,"36":0,"37":0,"38":0,"39":0,"40":0,"41":0,"42":0,"43":0,"44":0,"45":0,"46":0,"47":0,"48":0,"49":0,"50":0,"51":0,"52":0,"53":0,"54":0,"55":0,"56":0,"57":0},"b":{"1":[0,0],"2":[0,0],"3":[0,0],"4":[0,0],"5":[0,0],"6":[0,0],"7":[0,0],"8":[0,0],"9":[0,0],"10":[0,0],"11":[0,0],"12":[0,0],"13":[0,0],"14":[0,0],"15":[0,0],"16":[0,0],"17":[0,0],"18":[0,0],"19":[0,0],"20":[0,0],"21":[0,0],"22":[0,0],"23":[0,0],"24":[0,0],"25":[0,0],"26":[0,0],"27":[0,0],"28":[0,0],"29":[0,0],"30":[0,0]},"f":{"1":0,"2":0,"3":0,"4":0,"5":0,"6":0,"7":0,"8":0,"9":0,"10":0,"11":0,"12":0,"13":0,"14":0,"15":0,"16":0},"fnMap":{"1":{"name":"constructor","line":89,"loc":{"start":{"line":89,"column":4},"end":{"line":99,"column":4}}},"2":{"name":"calculateManagementFee","line":107,"loc":{"start":{"line":107,"column":4},"end":{"line":126,"column":4}}},"3":{"name":"calculatePerformanceFee","line":134,"loc":{"start":{"line":134,"column":4},"end":{"line":141,"column":4}}},"4":{"name":"calculateTotalFees","line":148,"loc":{"start":{"line":148,"column":4},"end":{"line":171,"column":4}}},"5":{"name":"collectFees","line":182,"loc":{"start":{"line":178,"column":4},"end":{"line":229,"column":4}}},"6":{"name":"_distributeFees","line":237,"loc":{"start":{"line":237,"column":4},"end":{"line":257,"column":4}}},"7":{"name":"_getVaultAsset","line":264,"loc":{"start":{"line":264,"column":4},"end":{"line":274,"column":4}}},"8":{"name":"authorizeVault","line":283,"loc":{"start":{"line":281,"column":4},"end":{"line":304,"column":4}}},"9":{"name":"batchCollectFees","line":313,"loc":{"start":{"line":311,"column":4},"end":{"line":324,"column":4}}},"10":{"name":"updateTreasuries","line":333,"loc":{"start":{"line":331,"column":4},"end":{"line":345,"column":4}}},"11":{"name":"updateFeeRatios","line":354,"loc":{"start":{"line":352,"column":4},"end":{"line":366,"column":4}}},"12":{"name":"getVaultFeeData","line":373,"loc":{"start":{"line":373,"column":4},"end":{"line":375,"column":4}}},"13":{"name":"getFeeConfig","line":386,"loc":{"start":{"line":386,"column":4},"end":{"line":402,"column":4}}},"14":{"name":"emergencyWithdraw","line":412,"loc":{"start":{"line":410,"column":4},"end":{"line":416,"column":4}}},"15":{"name":"emergencyPause","line":421,"loc":{"start":{"line":421,"column":4},"end":{"line":423,"column":4}}},"16":{"name":"emergencyUnpause","line":428,"loc":{"start":{"line":428,"column":4},"end":{"line":430,"column":4}}}},"statementMap":{"1":{"start":{"line":90,"column":8},"end":{"line":90,"column":71}},"2":{"start":{"line":91,"column":8},"end":{"line":91,"column":88}},"3":{"start":{"line":96,"column":8},"end":{"line":96,"column":49}},"4":{"start":{"line":97,"column":8},"end":{"line":97,"column":49}},"5":{"start":{"line":98,"column":8},"end":{"line":98,"column":44}},"6":{"start":{"line":112,"column":8},"end":{"line":112,"column":57}},"7":{"start":{"line":114,"column":8},"end":{"line":114,"column":3914}},"8":{"start":{"line":115,"column":12},"end":{"line":115,"column":20}},"9":{"start":{"line":118,"column":8},"end":{"line":118,"column":75}},"10":{"start":{"line":120,"column":8},"end":{"line":120,"column":4096}},"11":{"start":{"line":121,"column":12},"end":{"line":121,"column":20}},"12":{"start":{"line":140,"column":8},"end":{"line":140,"column":16}},"13":{"start":{"line":153,"column":8},"end":{"line":153,"column":75}},"14":{"start":{"line":156,"column":8},"end":{"line":156,"column":5227}},"15":{"start":{"line":185,"column":8},"end":{"line":185,"column":75}},"16":{"start":{"line":187,"column":8},"end":{"line":187,"column":57}},"17":{"start":{"line":188,"column":8},"end":{"line":188,"column":83}},"18":{"start":{"line":191,"column":8},"end":{"line":191,"column":70}},"19":{"start":{"line":193,"column":8},"end":{"line":193,"column":6510}},"20":{"start":{"line":194,"column":12},"end":{"line":194,"column":20}},"21":{"start":{"line":198,"column":8},"end":{"line":198,"column":45}},"22":{"start":{"line":202,"column":8},"end":{"line":202,"column":6844}},"23":{"start":{"line":204,"column":12},"end":{"line":204,"column":76}},"24":{"start":{"line":205,"column":12},"end":{"line":205,"column":99}},"25":{"start":{"line":208,"column":12},"end":{"line":208,"column":51}},"26":{"start":{"line":218,"column":12},"end":{"line":218,"column":7608}},"27":{"start":{"line":227,"column":12},"end":{"line":227,"column":91}},"28":{"start":{"line":242,"column":8},"end":{"line":242,"column":8306}},"29":{"start":{"line":243,"column":12},"end":{"line":243,"column":73}},"30":{"start":{"line":246,"column":8},"end":{"line":246,"column":8445}},"31":{"start":{"line":247,"column":12},"end":{"line":247,"column":81}},"32":{"start":{"line":250,"column":8},"end":{"line":250,"column":8593}},"33":{"start":{"line":267,"column":8},"end":{"line":267,"column":9122}},"34":{"start":{"line":270,"column":12},"end":{"line":270,"column":64}},"35":{"start":{"line":272,"column":12},"end":{"line":272,"column":46}},"36":{"start":{"line":285,"column":8},"end":{"line":285,"column":64}},"37":{"start":{"line":289,"column":8},"end":{"line":289,"column":9887}},"38":{"start":{"line":298,"column":15},"end":{"line":298,"column":10249}},"39":{"start":{"line":303,"column":8},"end":{"line":303,"column":47}},"40":{"start":{"line":316,"column":8},"end":{"line":316,"column":10794}},"41":{"start":{"line":317,"column":12},"end":{"line":317,"column":10856}},"42":{"start":{"line":335,"column":8},"end":{"line":335,"column":71}},"43":{"start":{"line":336,"column":8},"end":{"line":336,"column":88}},"44":{"start":{"line":338,"column":8},"end":{"line":338,"column":38}},"45":{"start":{"line":339,"column":8},"end":{"line":339,"column":54}},"46":{"start":{"line":344,"column":8},"end":{"line":344,"column":92}},"47":{"start":{"line":356,"column":8},"end":{"line":356,"column":102}},"48":{"start":{"line":357,"column":8},"end":{"line":357,"column":95}},"49":{"start":{"line":359,"column":8},"end":{"line":359,"column":48}},"50":{"start":{"line":360,"column":8},"end":{"line":360,"column":48}},"51":{"start":{"line":365,"column":8},"end":{"line":365,"column":97}},"52":{"start":{"line":374,"column":8},"end":{"line":374,"column":31}},"53":{"start":{"line":394,"column":8},"end":{"line":394,"column":13639}},"54":{"start":{"line":414,"column":8},"end":{"line":414,"column":72}},"55":{"start":{"line":415,"column":8},"end":{"line":415,"column":52}},"56":{"start":{"line":422,"column":8},"end":{"line":422,"column":15}},"57":{"start":{"line":429,"column":8},"end":{"line":429,"column":17}}},"branchMap":{"1":{"line":90,"type":"if","locations":[{"start":{"line":90,"column":8},"end":{"line":90,"column":8}},{"start":{"line":90,"column":8},"end":{"line":90,"column":8}}]},"2":{"line":91,"type":"if","locations":[{"start":{"line":91,"column":8},"end":{"line":91,"column":8}},{"start":{"line":91,"column":8},"end":{"line":91,"column":8}}]},"3":{"line":114,"type":"if","locations":[{"start":{"line":114,"column":8},"end":{"line":114,"column":8}},{"start":{"line":114,"column":8},"end":{"line":114,"column":8}}]},"4":{"line":114,"type":"cond-expr","locations":[{"start":{"line":114,"column":12},"end":{"line":114,"column":30}},{"start":{"line":114,"column":35},"end":{"line":114,"column":50}}]},"5":{"line":120,"type":"if","locations":[{"start":{"line":120,"column":8},"end":{"line":120,"column":8}},{"start":{"line":120,"column":8},"end":{"line":120,"column":8}}]},"6":{"line":153,"type":"if","locations":[{"start":{"line":153,"column":8},"end":{"line":153,"column":8}},{"start":{"line":153,"column":8},"end":{"line":153,"column":8}}]},"7":{"line":180,"type":"if","locations":[{"start":{"line":180,"column":8},"end":{"line":180,"column":8}},{"start":{"line":180,"column":8},"end":{"line":180,"column":8}}]},"8":{"line":181,"type":"if","locations":[{"start":{"line":181,"column":8},"end":{"line":181,"column":8}},{"start":{"line":181,"column":8},"end":{"line":181,"column":8}}]},"9":{"line":182,"type":"if","locations":[{"start":{"line":182,"column":8},"end":{"line":182,"column":8}},{"start":{"line":182,"column":8},"end":{"line":182,"column":8}}]},"10":{"line":185,"type":"if","locations":[{"start":{"line":185,"column":8},"end":{"line":185,"column":8}},{"start":{"line":185,"column":8},"end":{"line":185,"column":8}}]},"11":{"line":188,"type":"if","locations":[{"start":{"line":188,"column":8},"end":{"line":188,"column":8}},{"start":{"line":188,"column":8},"end":{"line":188,"column":8}}]},"12":{"line":193,"type":"if","locations":[{"start":{"line":193,"column":8},"end":{"line":193,"column":8}},{"start":{"line":193,"column":8},"end":{"line":193,"column":8}}]},"13":{"line":205,"type":"if","locations":[{"start":{"line":205,"column":12},"end":{"line":205,"column":12}},{"start":{"line":205,"column":12},"end":{"line":205,"column":12}}]},"14":{"line":242,"type":"if","locations":[{"start":{"line":242,"column":8},"end":{"line":242,"column":8}},{"start":{"line":242,"column":8},"end":{"line":242,"column":8}}]},"15":{"line":246,"type":"if","locations":[{"start":{"line":246,"column":8},"end":{"line":246,"column":8}},{"start":{"line":246,"column":8},"end":{"line":246,"column":8}}]},"16":{"line":283,"type":"if","locations":[{"start":{"line":283,"column":8},"end":{"line":283,"column":8}},{"start":{"line":283,"column":8},"end":{"line":283,"column":8}}]},"17":{"line":285,"type":"if","locations":[{"start":{"line":285,"column":8},"end":{"line":285,"column":8}},{"start":{"line":285,"column":8},"end":{"line":285,"column":8}}]},"18":{"line":289,"type":"if","locations":[{"start":{"line":289,"column":8},"end":{"line":289,"column":8}},{"start":{"line":289,"column":8},"end":{"line":289,"column":8}}]},"19":{"line":298,"type":"if","locations":[{"start":{"line":298,"column":15},"end":{"line":298,"column":15}},{"start":{"line":298,"column":15},"end":{"line":298,"column":15}}]},"20":{"line":313,"type":"if","locations":[{"start":{"line":313,"column":8},"end":{"line":313,"column":8}},{"start":{"line":313,"column":8},"end":{"line":313,"column":8}}]},"21":{"line":333,"type":"if","locations":[{"start":{"line":333,"column":8},"end":{"line":333,"column":8}},{"start":{"line":333,"column":8},"end":{"line":333,"column":8}}]},"22":{"line":335,"type":"if","locations":[{"start":{"line":335,"column":8},"end":{"line":335,"column":8}},{"start":{"line":335,"column":8},"end":{"line":335,"column":8}}]},"23":{"line":336,"type":"if","locations":[{"start":{"line":336,"column":8},"end":{"line":336,"column":8}},{"start":{"line":336,"column":8},"end":{"line":336,"column":8}}]},"24":{"line":354,"type":"if","locations":[{"start":{"line":354,"column":8},"end":{"line":354,"column":8}},{"start":{"line":354,"column":8},"end":{"line":354,"column":8}}]},"25":{"line":356,"type":"if","locations":[{"start":{"line":356,"column":8},"end":{"line":356,"column":8}},{"start":{"line":356,"column":8},"end":{"line":356,"column":8}}]},"26":{"line":357,"type":"if","locations":[{"start":{"line":357,"column":8},"end":{"line":357,"column":8}},{"start":{"line":357,"column":8},"end":{"line":357,"column":8}}]},"27":{"line":412,"type":"if","locations":[{"start":{"line":412,"column":8},"end":{"line":412,"column":8}},{"start":{"line":412,"column":8},"end":{"line":412,"column":8}}]},"28":{"line":414,"type":"if","locations":[{"start":{"line":414,"column":8},"end":{"line":414,"column":8}},{"start":{"line":414,"column":8},"end":{"line":414,"column":8}}]},"29":{"line":421,"type":"if","locations":[{"start":{"line":421,"column":39},"end":{"line":421,"column":39}},{"start":{"line":421,"column":39},"end":{"line":421,"column":39}}]},"30":{"line":428,"type":"if","locations":[{"start":{"line":428,"column":41},"end":{"line":428,"column":41}},{"start":{"line":428,"column":41},"end":{"line":428,"column":41}}]}}},"contracts/HyperIndexVaultFactory.sol":{"l":{"64":0,"66":0,"67":0,"68":0,"69":0,"94":0,"95":0,"96":0,"97":0,"98":0,"99":0,"100":0,"101":0,"102":0,"105":0,"106":0,"107":0,"109":0,"112":0,"115":0,"127":0,"128":0,"139":0,"141":0,"151":0,"161":0,"170":0,"185":0,"186":0,"187":0,"189":0,"193":0,"194":0,"196":0,"197":0,"198":0,"199":0,"200":0,"201":0,"202":0,"212":0,"227":0,"228":0,"230":0,"231":0,"232":0,"235":0,"236":0,"238":0,"239":0,"242":0,"251":0,"252":0,"254":0,"255":0,"265":0,"266":0,"274":0,"282":0,"283":0,"284":0,"295":0,"296":0,"297":0},"path":"/Users/maengseojun/Documents/Project/cryptoindex/dev5/contracts/HyperIndexVaultFactory.sol","s":{"1":0,"2":0,"3":0,"4":0,"5":0,"6":0,"7":0,"8":0,"9":0,"10":0,"11":0,"12":0,"13":0,"14":0,"15":0,"16":0,"17":0,"18":0,"19":0,"20":0,"21":0,"22":0,"23":0,"24":0,"25":0,"26":0,"27":0,"28":0,"29":0,"30":0,"31":0,"32":0,"33":0,"34":0,"35":0,"36":0,"37":0,"38":0,"39":0,"40":0,"41":0,"42":0,"43":0,"44":0,"45":0,"46":0,"47":0,"48":0},"b":{"1":[0,0],"2":[0,0],"3":[0,0],"4":[0,0],"5":[0,0],"6":[0,0],"7":[0,0],"8":[0,0],"9":[0,0],"10":[0,0],"11":[0,0],"12":[0,0],"13":[0,0],"14":[0,0],"15":[0,0],"16":[0,0],"17":[0,0],"18":[0,0],"19":[0,0],"20":[0,0],"21":[0,0],"22":[0,0],"23":[0,0]},"f":{"1":0,"2":0,"3":0,"4":0,"5":0,"6":0,"7":0,"8":0,"9":0,"10":0,"11":0,"12":0},"fnMap":{"1":{"name":"constructor","line":63,"loc":{"start":{"line":63,"column":4},"end":{"line":70,"column":4}}},"2":{"name":"createVault","line":93,"loc":{"start":{"line":84,"column":4},"end":{"line":152,"column":4}}},"3":{"name":"getVault","line":160,"loc":{"start":{"line":160,"column":4},"end":{"line":162,"column":4}}},"4":{"name":"getVaultMetadata","line":169,"loc":{"start":{"line":169,"column":4},"end":{"line":171,"column":4}}},"5":{"name":"getVaultsForIndex","line":179,"loc":{"start":{"line":179,"column":4},"end":{"line":205,"column":4}}},"6":{"name":"getTotalVaultCount","line":211,"loc":{"start":{"line":211,"column":4},"end":{"line":213,"column":4}}},"7":{"name":"getAllVaults","line":222,"loc":{"start":{"line":222,"column":4},"end":{"line":243,"column":4}}},"8":{"name":"setVaultStatus","line":250,"loc":{"start":{"line":250,"column":4},"end":{"line":256,"column":4}}},"9":{"name":"isVaultActive","line":264,"loc":{"start":{"line":264,"column":4},"end":{"line":267,"column":4}}},"10":{"name":"getImplementation","line":273,"loc":{"start":{"line":273,"column":4},"end":{"line":275,"column":4}}},"11":{"name":"emergencyPauseAllVaults","line":281,"loc":{"start":{"line":281,"column":4},"end":{"line":289,"column":4}}},"12":{"name":"emergencyUnpauseAllVaults","line":294,"loc":{"start":{"line":294,"column":4},"end":{"line":302,"column":4}}}},"statementMap":{"1":{"start":{"line":64,"column":8},"end":{"line":64,"column":95}},"2":{"start":{"line":67,"column":8},"end":{"line":67,"column":49}},"3":{"start":{"line":68,"column":8},"end":{"line":68,"column":49}},"4":{"start":{"line":69,"column":8},"end":{"line":69,"column":44}},"5":{"start":{"line":94,"column":8},"end":{"line":94,"column":76}},"6":{"start":{"line":95,"column":8},"end":{"line":95,"column":82}},"7":{"start":{"line":96,"column":8},"end":{"line":96,"column":71}},"8":{"start":{"line":97,"column":8},"end":{"line":97,"column":79}},"9":{"start":{"line":98,"column":8},"end":{"line":98,"column":83}},"10":{"start":{"line":99,"column":8},"end":{"line":99,"column":94}},"11":{"start":{"line":100,"column":8},"end":{"line":100,"column":80}},"12":{"start":{"line":101,"column":8},"end":{"line":101,"column":102}},"13":{"start":{"line":102,"column":8},"end":{"line":102,"column":107}},"14":{"start":{"line":105,"column":8},"end":{"line":105,"column":35}},"15":{"start":{"line":106,"column":8},"end":{"line":106,"column":4021}},"16":{"start":{"line":109,"column":8},"end":{"line":109,"column":96}},"17":{"start":{"line":115,"column":8},"end":{"line":115,"column":4369}},"18":{"start":{"line":139,"column":8},"end":{"line":139,"column":28}},"19":{"start":{"line":141,"column":8},"end":{"line":141,"column":5049}},"20":{"start":{"line":151,"column":8},"end":{"line":151,"column":20}},"21":{"start":{"line":161,"column":8},"end":{"line":161,"column":44}},"22":{"start":{"line":170,"column":8},"end":{"line":170,"column":35}},"23":{"start":{"line":185,"column":8},"end":{"line":185,"column":25}},"24":{"start":{"line":186,"column":8},"end":{"line":186,"column":6390}},"25":{"start":{"line":187,"column":12},"end":{"line":187,"column":6455}},"26":{"start":{"line":196,"column":8},"end":{"line":196,"column":25}},"27":{"start":{"line":197,"column":8},"end":{"line":197,"column":6746}},"28":{"start":{"line":198,"column":12},"end":{"line":198,"column":71}},"29":{"start":{"line":199,"column":12},"end":{"line":199,"column":6884}},"30":{"start":{"line":212,"column":8},"end":{"line":212,"column":31}},"31":{"start":{"line":227,"column":8},"end":{"line":227,"column":45}},"32":{"start":{"line":228,"column":8},"end":{"line":228,"column":83}},"33":{"start":{"line":230,"column":8},"end":{"line":230,"column":36}},"34":{"start":{"line":231,"column":8},"end":{"line":231,"column":7911}},"35":{"start":{"line":235,"column":8},"end":{"line":235,"column":37}},"36":{"start":{"line":238,"column":8},"end":{"line":238,"column":8072}},"37":{"start":{"line":251,"column":8},"end":{"line":251,"column":84}},"38":{"start":{"line":252,"column":8},"end":{"line":252,"column":101}},"39":{"start":{"line":255,"column":8},"end":{"line":255,"column":81}},"40":{"start":{"line":265,"column":8},"end":{"line":265,"column":53}},"41":{"start":{"line":266,"column":8},"end":{"line":266,"column":67}},"42":{"start":{"line":274,"column":8},"end":{"line":274,"column":29}},"43":{"start":{"line":282,"column":8},"end":{"line":282,"column":9699}},"44":{"start":{"line":283,"column":12},"end":{"line":283,"column":9764}},"45":{"start":{"line":284,"column":16},"end":{"line":284,"column":9828}},"46":{"start":{"line":295,"column":8},"end":{"line":295,"column":10173}},"47":{"start":{"line":296,"column":12},"end":{"line":296,"column":10238}},"48":{"start":{"line":297,"column":16},"end":{"line":297,"column":10302}}},"branchMap":{"1":{"line":64,"type":"if","locations":[{"start":{"line":64,"column":8},"end":{"line":64,"column":8}},{"start":{"line":64,"column":8},"end":{"line":64,"column":8}}]},"2":{"line":93,"type":"if","locations":[{"start":{"line":93,"column":15},"end":{"line":93,"column":15}},{"start":{"line":93,"column":15},"end":{"line":93,"column":15}}]},"3":{"line":94,"type":"if","locations":[{"start":{"line":94,"column":8},"end":{"line":94,"column":8}},{"start":{"line":94,"column":8},"end":{"line":94,"column":8}}]},"4":{"line":95,"type":"if","locations":[{"start":{"line":95,"column":8},"end":{"line":95,"column":8}},{"start":{"line":95,"column":8},"end":{"line":95,"column":8}}]},"5":{"line":96,"type":"if","locations":[{"start":{"line":96,"column":8},"end":{"line":96,"column":8}},{"start":{"line":96,"column":8},"end":{"line":96,"column":8}}]},"6":{"line":97,"type":"if","locations":[{"start":{"line":97,"column":8},"end":{"line":97,"column":8}},{"start":{"line":97,"column":8},"end":{"line":97,"column":8}}]},"7":{"line":98,"type":"if","locations":[{"start":{"line":98,"column":8},"end":{"line":98,"column":8}},{"start":{"line":98,"column":8},"end":{"line":98,"column":8}}]},"8":{"line":99,"type":"if","locations":[{"start":{"line":99,"column":8},"end":{"line":99,"column":8}},{"start":{"line":99,"column":8},"end":{"line":99,"column":8}}]},"9":{"line":100,"type":"if","locations":[{"start":{"line":100,"column":8},"end":{"line":100,"column":8}},{"start":{"line":100,"column":8},"end":{"line":100,"column":8}}]},"10":{"line":101,"type":"if","locations":[{"start":{"line":101,"column":8},"end":{"line":101,"column":8}},{"start":{"line":101,"column":8},"end":{"line":101,"column":8}}]},"11":{"line":102,"type":"if","locations":[{"start":{"line":102,"column":8},"end":{"line":102,"column":8}},{"start":{"line":102,"column":8},"end":{"line":102,"column":8}}]},"12":{"line":109,"type":"if","locations":[{"start":{"line":109,"column":8},"end":{"line":109,"column":8}},{"start":{"line":109,"column":8},"end":{"line":109,"column":8}}]},"13":{"line":187,"type":"if","locations":[{"start":{"line":187,"column":12},"end":{"line":187,"column":12}},{"start":{"line":187,"column":12},"end":{"line":187,"column":12}}]},"14":{"line":199,"type":"if","locations":[{"start":{"line":199,"column":12},"end":{"line":199,"column":12}},{"start":{"line":199,"column":12},"end":{"line":199,"column":12}}]},"15":{"line":228,"type":"if","locations":[{"start":{"line":228,"column":8},"end":{"line":228,"column":8}},{"start":{"line":228,"column":8},"end":{"line":228,"column":8}}]},"16":{"line":231,"type":"if","locations":[{"start":{"line":231,"column":8},"end":{"line":231,"column":8}},{"start":{"line":231,"column":8},"end":{"line":231,"column":8}}]},"17":{"line":250,"type":"if","locations":[{"start":{"line":250,"column":65},"end":{"line":250,"column":65}},{"start":{"line":250,"column":65},"end":{"line":250,"column":65}}]},"18":{"line":251,"type":"if","locations":[{"start":{"line":251,"column":8},"end":{"line":251,"column":8}},{"start":{"line":251,"column":8},"end":{"line":251,"column":8}}]},"19":{"line":252,"type":"if","locations":[{"start":{"line":252,"column":8},"end":{"line":252,"column":8}},{"start":{"line":252,"column":8},"end":{"line":252,"column":8}}]},"20":{"line":281,"type":"if","locations":[{"start":{"line":281,"column":48},"end":{"line":281,"column":48}},{"start":{"line":281,"column":48},"end":{"line":281,"column":48}}]},"21":{"line":283,"type":"if","locations":[{"start":{"line":283,"column":12},"end":{"line":283,"column":12}},{"start":{"line":283,"column":12},"end":{"line":283,"column":12}}]},"22":{"line":294,"type":"if","locations":[{"start":{"line":294,"column":50},"end":{"line":294,"column":50}},{"start":{"line":294,"column":50},"end":{"line":294,"column":50}}]},"23":{"line":296,"type":"if","locations":[{"start":{"line":296,"column":12},"end":{"line":296,"column":12}},{"start":{"line":296,"column":12},"end":{"line":296,"column":12}}]}}},"contracts/IndexToken.sol":{"l":{"20":0,"21":0,"28":0,"44":0,"45":0,"47":0,"48":0,"50":0,"51":0,"60":0,"69":0,"77":0,"92":0,"93":0,"100":0,"107":0,"108":0,"119":0},"path":"/Users/maengseojun/Documents/Project/cryptoindex/dev5/contracts/IndexToken.sol","s":{"1":0,"2":0,"3":0,"4":0,"5":0,"6":0,"7":0,"8":0,"9":0,"10":0,"11":0,"12":0,"13":0,"14":0},"b":{"1":[0,0],"2":[0,0],"3":[0,0],"4":[0,0],"5":[0,0],"6":[0,0]},"f":{"1":0,"2":0,"3":0,"4":0,"5":0,"6":0,"7":0,"8":0,"9":0,"10":0},"fnMap":{"1":{"name":"onlyFactory","line":19,"loc":{"start":{"line":19,"column":4},"end":{"line":22,"column":4}}},"2":{"name":"constructor","line":27,"loc":{"start":{"line":27,"column":4},"end":{"line":29,"column":4}}},"3":{"name":"initialize","line":43,"loc":{"start":{"line":38,"column":4},"end":{"line":52,"column":4}}},"4":{"name":"mint","line":59,"loc":{"start":{"line":59,"column":4},"end":{"line":61,"column":4}}},"5":{"name":"burn","line":68,"loc":{"start":{"line":68,"column":4},"end":{"line":70,"column":4}}},"6":{"name":"getNavPerToken","line":76,"loc":{"start":{"line":76,"column":4},"end":{"line":78,"column":4}}},"7":{"name":"getFundDetails","line":83,"loc":{"start":{"line":83,"column":4},"end":{"line":94,"column":4}}},"8":{"name":"getComponents","line":99,"loc":{"start":{"line":99,"column":4},"end":{"line":101,"column":4}}},"9":{"name":"getTotalFundValue","line":106,"loc":{"start":{"line":106,"column":4},"end":{"line":109,"column":4}}},"10":{"name":"_update","line":114,"loc":{"start":{"line":114,"column":4},"end":{"line":123,"column":4}}}},"statementMap":{"1":{"start":{"line":20,"column":8},"end":{"line":20,"column":62}},"2":{"start":{"line":28,"column":8},"end":{"line":28,"column":29}},"3":{"start":{"line":44,"column":8},"end":{"line":44,"column":72}},"4":{"start":{"line":45,"column":8},"end":{"line":45,"column":63}},"5":{"start":{"line":47,"column":8},"end":{"line":47,"column":33}},"6":{"start":{"line":48,"column":8},"end":{"line":48,"column":31}},"7":{"start":{"line":60,"column":8},"end":{"line":60,"column":24}},"8":{"start":{"line":69,"column":8},"end":{"line":69,"column":26}},"9":{"start":{"line":77,"column":8},"end":{"line":77,"column":63}},"10":{"start":{"line":93,"column":8},"end":{"line":93,"column":76}},"11":{"start":{"line":100,"column":8},"end":{"line":100,"column":68}},"12":{"start":{"line":107,"column":8},"end":{"line":107,"column":51}},"13":{"start":{"line":108,"column":8},"end":{"line":108,"column":49}},"14":{"start":{"line":119,"column":8},"end":{"line":119,"column":38}}},"branchMap":{"1":{"line":20,"type":"if","locations":[{"start":{"line":20,"column":8},"end":{"line":20,"column":8}},{"start":{"line":20,"column":8},"end":{"line":20,"column":8}}]},"2":{"line":43,"type":"if","locations":[{"start":{"line":43,"column":15},"end":{"line":43,"column":15}},{"start":{"line":43,"column":15},"end":{"line":43,"column":15}}]},"3":{"line":44,"type":"if","locations":[{"start":{"line":44,"column":8},"end":{"line":44,"column":8}},{"start":{"line":44,"column":8},"end":{"line":44,"column":8}}]},"4":{"line":45,"type":"if","locations":[{"start":{"line":45,"column":8},"end":{"line":45,"column":8}},{"start":{"line":45,"column":8},"end":{"line":45,"column":8}}]},"5":{"line":59,"type":"if","locations":[{"start":{"line":59,"column":64},"end":{"line":59,"column":64}},{"start":{"line":59,"column":64},"end":{"line":59,"column":64}}]},"6":{"line":68,"type":"if","locations":[{"start":{"line":68,"column":66},"end":{"line":68,"column":66}},{"start":{"line":68,"column":66},"end":{"line":68,"column":66}}]}}},"contracts/IndexTokenFactory.sol":{"l":{"64":0,"66":0,"67":0,"68":0,"71":0,"87":0,"88":0,"89":0,"92":0,"93":0,"94":0,"95":0,"96":0,"97":0,"99":0,"102":0,"103":0,"106":0,"107":0,"108":0,"109":0,"110":0,"111":0,"112":0,"115":0,"116":0,"124":0,"127":0,"130":0,"138":0,"140":0,"141":0,"142":0,"157":0,"158":0,"159":0,"160":0,"161":0,"162":0,"164":0,"165":0,"168":0,"169":0,"170":0,"172":0,"173":0,"174":0,"175":0,"178":0,"180":0,"194":0,"195":0,"196":0,"197":0,"198":0,"201":0,"202":0,"205":0,"206":0,"208":0,"211":0,"219":0,"220":0,"223":0,"226":0,"229":0,"230":0,"231":0,"233":0,"242":0,"243":0,"244":0,"246":0,"247":0,"263":0,"264":0,"265":0,"266":0,"267":0,"269":0,"285":0,"286":0,"288":0,"304":0,"311":0,"318":0,"319":0,"321":0,"322":0,"323":0,"325":0,"326":0,"327":0,"331":0,"338":0,"340":0,"341":0,"342":0,"345":0,"354":0,"361":0,"362":0,"370":0,"371":0,"372":0,"374":0,"381":0,"382":0,"384":0,"385":0,"388":0,"389":0,"390":0,"394":0,"395":0,"396":0,"400":0,"407":0,"415":0,"416":0,"417":0,"425":0,"426":0,"427":0,"437":0,"438":0,"446":0,"447":0,"454":0},"path":"/Users/maengseojun/Documents/Project/cryptoindex/dev5/contracts/IndexTokenFactory.sol","s":{"1":0,"2":0,"3":0,"4":0,"5":0,"6":0,"7":0,"8":0,"9":0,"10":0,"11":0,"12":0,"13":0,"14":0,"15":0,"16":0,"17":0,"18":0,"19":0,"20":0,"21":0,"22":0,"23":0,"24":0,"25":0,"26":0,"27":0,"28":0,"29":0,"30":0,"31":0,"32":0,"33":0,"34":0,"35":0,"36":0,"37":0,"38":0,"39":0,"40":0,"41":0,"42":0,"43":0,"44":0,"45":0,"46":0,"47":0,"48":0,"49":0,"50":0,"51":0,"52":0,"53":0,"54":0,"55":0,"56":0,"57":0,"58":0,"59":0,"60":0,"61":0,"62":0,"63":0,"64":0,"65":0,"66":0,"67":0,"68":0,"69":0,"70":0,"71":0,"72":0,"73":0,"74":0,"75":0,"76":0,"77":0,"78":0,"79":0,"80":0,"81":0,"82":0,"83":0,"84":0,"85":0,"86":0,"87":0,"88":0,"89":0,"90":0,"91":0,"92":0,"93":0,"94":0,"95":0,"96":0,"97":0,"98":0,"99":0,"100":0,"101":0,"102":0,"103":0,"104":0,"105":0},"b":{"1":[0,0],"2":[0,0],"3":[0,0],"4":[0,0],"5":[0,0],"6":[0,0],"7":[0,0],"8":[0,0],"9":[0,0],"10":[0,0],"11":[0,0],"12":[0,0],"13":[0,0],"14":[0,0],"15":[0,0],"16":[0,0],"17":[0,0],"18":[0,0],"19":[0,0],"20":[0,0],"21":[0,0],"22":[0,0],"23":[0,0],"24":[0,0],"25":[0,0],"26":[0,0],"27":[0,0],"28":[0,0],"29":[0,0],"30":[0,0],"31":[0,0],"32":[0,0],"33":[0,0],"34":[0,0],"35":[0,0],"36":[0,0],"37":[0,0],"38":[0,0],"39":[0,0],"40":[0,0],"41":[0,0],"42":[0,0],"43":[0,0],"44":[0,0],"45":[0,0],"46":[0,0],"47":[0,0],"48":[0,0],"49":[0,0],"50":[0,0],"51":[0,0],"52":[0,0],"53":[0,0],"54":[0,0],"55":[0,0],"56":[0,0],"57":[0,0],"58":[0,0]},"f":{"1":0,"2":0,"3":0,"4":0,"5":0,"6":0,"7":0,"8":0,"9":0,"10":0,"11":0,"12":0,"13":0,"14":0,"15":0,"16":0,"17":0,"18":0,"19":0,"20":0,"21":0},"fnMap":{"1":{"name":"constructor","line":63,"loc":{"start":{"line":63,"column":4},"end":{"line":72,"column":4}}},"2":{"name":"createIndexFund","line":85,"loc":{"start":{"line":81,"column":4},"end":{"line":143,"column":4}}},"3":{"name":"depositComponentTokens","line":155,"loc":{"start":{"line":151,"column":4},"end":{"line":182,"column":4}}},"4":{"name":"issueIndexToken","line":192,"loc":{"start":{"line":189,"column":4},"end":{"line":234,"column":4}}},"5":{"name":"calculateNAV","line":241,"loc":{"start":{"line":241,"column":4},"end":{"line":248,"column":4}}},"6":{"name":"transferIndexTokens","line":261,"loc":{"start":{"line":257,"column":4},"end":{"line":270,"column":4}}},"7":{"name":"getFundInfo","line":275,"loc":{"start":{"line":275,"column":4},"end":{"line":298,"column":4}}},"8":{"name":"getFundComponents","line":303,"loc":{"start":{"line":303,"column":4},"end":{"line":305,"column":4}}},"9":{"name":"getCreatorFunds","line":310,"loc":{"start":{"line":310,"column":4},"end":{"line":312,"column":4}}},"10":{"name":"_calculateTotalFundValue","line":317,"loc":{"start":{"line":317,"column":4},"end":{"line":332,"column":4}}},"11":{"name":"_hasMinimumDeposits","line":337,"loc":{"start":{"line":337,"column":4},"end":{"line":346,"column":4}}},"12":{"name":"grantRecipeCreatorRole","line":353,"loc":{"start":{"line":353,"column":4},"end":{"line":355,"column":4}}},"13":{"name":"authorizeToken","line":360,"loc":{"start":{"line":360,"column":4},"end":{"line":363,"column":4}}},"14":{"name":"setPriceFeedAddress","line":369,"loc":{"start":{"line":369,"column":4},"end":{"line":375,"column":4}}},"15":{"name":"checkLiquidityRequirements","line":380,"loc":{"start":{"line":380,"column":4},"end":{"line":401,"column":4}}},"16":{"name":"setFundActive","line":406,"loc":{"start":{"line":406,"column":4},"end":{"line":408,"column":4}}},"17":{"name":"authorizeToken","line":414,"loc":{"start":{"line":414,"column":4},"end":{"line":418,"column":4}}},"18":{"name":"revokeToken","line":424,"loc":{"start":{"line":424,"column":4},"end":{"line":428,"column":4}}},"19":{"name":"emergencyPause","line":436,"loc":{"start":{"line":436,"column":4},"end":{"line":439,"column":4}}},"20":{"name":"emergencyUnpause","line":445,"loc":{"start":{"line":445,"column":4},"end":{"line":448,"column":4}}},"21":{"name":"isPaused","line":453,"loc":{"start":{"line":453,"column":4},"end":{"line":455,"column":4}}}},"statementMap":{"1":{"start":{"line":64,"column":8},"end":{"line":64,"column":69}},"2":{"start":{"line":66,"column":8},"end":{"line":66,"column":49}},"3":{"start":{"line":67,"column":8},"end":{"line":67,"column":50}},"4":{"start":{"line":87,"column":8},"end":{"line":87,"column":66}},"5":{"start":{"line":88,"column":8},"end":{"line":88,"column":94}},"6":{"start":{"line":89,"column":8},"end":{"line":89,"column":103}},"7":{"start":{"line":92,"column":8},"end":{"line":92,"column":30}},"8":{"start":{"line":93,"column":8},"end":{"line":93,"column":3777}},"9":{"start":{"line":94,"column":12},"end":{"line":94,"column":85}},"10":{"start":{"line":95,"column":12},"end":{"line":95,"column":75}},"11":{"start":{"line":96,"column":12},"end":{"line":96,"column":88}},"12":{"start":{"line":99,"column":8},"end":{"line":99,"column":68}},"13":{"start":{"line":102,"column":8},"end":{"line":102,"column":95}},"14":{"start":{"line":103,"column":8},"end":{"line":103,"column":77}},"15":{"start":{"line":106,"column":8},"end":{"line":106,"column":46}},"16":{"start":{"line":115,"column":8},"end":{"line":115,"column":4800}},"17":{"start":{"line":116,"column":12},"end":{"line":116,"column":4865}},"18":{"start":{"line":124,"column":8},"end":{"line":124,"column":44}},"19":{"start":{"line":127,"column":8},"end":{"line":127,"column":72}},"20":{"start":{"line":130,"column":8},"end":{"line":130,"column":5392}},"21":{"start":{"line":140,"column":8},"end":{"line":140,"column":50}},"22":{"start":{"line":141,"column":8},"end":{"line":141,"column":69}},"23":{"start":{"line":142,"column":8},"end":{"line":142,"column":21}},"24":{"start":{"line":157,"column":8},"end":{"line":157,"column":66}},"25":{"start":{"line":158,"column":8},"end":{"line":158,"column":46}},"26":{"start":{"line":159,"column":8},"end":{"line":159,"column":75}},"27":{"start":{"line":160,"column":8},"end":{"line":160,"column":69}},"28":{"start":{"line":161,"column":8},"end":{"line":161,"column":80}},"29":{"start":{"line":162,"column":8},"end":{"line":162,"column":65}},"30":{"start":{"line":164,"column":8},"end":{"line":164,"column":6667}},"31":{"start":{"line":165,"column":12},"end":{"line":165,"column":61}},"32":{"start":{"line":168,"column":12},"end":{"line":168,"column":30}},"33":{"start":{"line":169,"column":12},"end":{"line":169,"column":6882}},"34":{"start":{"line":170,"column":16},"end":{"line":170,"column":6954}},"35":{"start":{"line":172,"column":20},"end":{"line":172,"column":100}},"36":{"start":{"line":178,"column":12},"end":{"line":178,"column":57}},"37":{"start":{"line":180,"column":12},"end":{"line":180,"column":71}},"38":{"start":{"line":194,"column":8},"end":{"line":194,"column":66}},"39":{"start":{"line":195,"column":8},"end":{"line":195,"column":46}},"40":{"start":{"line":196,"column":8},"end":{"line":196,"column":69}},"41":{"start":{"line":197,"column":8},"end":{"line":197,"column":64}},"42":{"start":{"line":198,"column":8},"end":{"line":198,"column":68}},"43":{"start":{"line":201,"column":8},"end":{"line":201,"column":61}},"44":{"start":{"line":202,"column":8},"end":{"line":202,"column":72}},"45":{"start":{"line":205,"column":8},"end":{"line":205,"column":59}},"46":{"start":{"line":206,"column":8},"end":{"line":206,"column":8583}},"47":{"start":{"line":211,"column":12},"end":{"line":211,"column":8818}},"48":{"start":{"line":220,"column":12},"end":{"line":220,"column":85}},"49":{"start":{"line":223,"column":8},"end":{"line":223,"column":61}},"50":{"start":{"line":226,"column":8},"end":{"line":226,"column":50}},"51":{"start":{"line":233,"column":8},"end":{"line":233,"column":71}},"52":{"start":{"line":242,"column":8},"end":{"line":242,"column":46}},"53":{"start":{"line":243,"column":8},"end":{"line":243,"column":52}},"54":{"start":{"line":244,"column":8},"end":{"line":244,"column":56}},"55":{"start":{"line":246,"column":8},"end":{"line":246,"column":65}},"56":{"start":{"line":247,"column":8},"end":{"line":247,"column":55}},"57":{"start":{"line":263,"column":8},"end":{"line":263,"column":66}},"58":{"start":{"line":264,"column":8},"end":{"line":264,"column":46}},"59":{"start":{"line":265,"column":8},"end":{"line":265,"column":48}},"60":{"start":{"line":266,"column":8},"end":{"line":266,"column":53}},"61":{"start":{"line":267,"column":8},"end":{"line":267,"column":53}},"62":{"start":{"line":269,"column":8},"end":{"line":269,"column":62}},"63":{"start":{"line":285,"column":8},"end":{"line":285,"column":46}},"64":{"start":{"line":286,"column":8},"end":{"line":286,"column":67}},"65":{"start":{"line":288,"column":8},"end":{"line":288,"column":11439}},"66":{"start":{"line":304,"column":8},"end":{"line":304,"column":39}},"67":{"start":{"line":311,"column":8},"end":{"line":311,"column":36}},"68":{"start":{"line":318,"column":8},"end":{"line":318,"column":46}},"69":{"start":{"line":319,"column":8},"end":{"line":319,"column":34}},"70":{"start":{"line":321,"column":8},"end":{"line":321,"column":12341}},"71":{"start":{"line":322,"column":12},"end":{"line":322,"column":65}},"72":{"start":{"line":323,"column":12},"end":{"line":323,"column":12476}},"73":{"start":{"line":325,"column":16},"end":{"line":325,"column":87}},"74":{"start":{"line":326,"column":16},"end":{"line":326,"column":89}},"75":{"start":{"line":331,"column":8},"end":{"line":331,"column":29}},"76":{"start":{"line":338,"column":8},"end":{"line":338,"column":46}},"77":{"start":{"line":340,"column":8},"end":{"line":340,"column":13124}},"78":{"start":{"line":341,"column":12},"end":{"line":341,"column":13192}},"79":{"start":{"line":342,"column":16},"end":{"line":342,"column":28}},"80":{"start":{"line":345,"column":8},"end":{"line":345,"column":19}},"81":{"start":{"line":354,"column":8},"end":{"line":354,"column":47}},"82":{"start":{"line":361,"column":8},"end":{"line":361,"column":67}},"83":{"start":{"line":370,"column":8},"end":{"line":370,"column":70}},"84":{"start":{"line":371,"column":8},"end":{"line":371,"column":49}},"85":{"start":{"line":374,"column":8},"end":{"line":374,"column":55}},"86":{"start":{"line":381,"column":8},"end":{"line":381,"column":46}},"87":{"start":{"line":382,"column":8},"end":{"line":382,"column":48}},"88":{"start":{"line":384,"column":8},"end":{"line":384,"column":14588}},"89":{"start":{"line":385,"column":12},"end":{"line":385,"column":65}},"90":{"start":{"line":388,"column":12},"end":{"line":388,"column":112}},"91":{"start":{"line":389,"column":12},"end":{"line":389,"column":14913}},"92":{"start":{"line":390,"column":16},"end":{"line":390,"column":74}},"93":{"start":{"line":394,"column":12},"end":{"line":394,"column":119}},"94":{"start":{"line":395,"column":12},"end":{"line":395,"column":15223}},"95":{"start":{"line":396,"column":16},"end":{"line":396,"column":71}},"96":{"start":{"line":400,"column":8},"end":{"line":400,"column":25}},"97":{"start":{"line":415,"column":8},"end":{"line":415,"column":74}},"98":{"start":{"line":417,"column":8},"end":{"line":417,"column":54}},"99":{"start":{"line":425,"column":8},"end":{"line":425,"column":74}},"100":{"start":{"line":427,"column":8},"end":{"line":427,"column":51}},"101":{"start":{"line":437,"column":8},"end":{"line":437,"column":15}},"102":{"start":{"line":438,"column":8},"end":{"line":438,"column":57}},"103":{"start":{"line":446,"column":8},"end":{"line":446,"column":17}},"104":{"start":{"line":447,"column":8},"end":{"line":447,"column":59}},"105":{"start":{"line":454,"column":8},"end":{"line":454,"column":23}}},"branchMap":{"1":{"line":64,"type":"if","locations":[{"sta
[...]
3476}},"121":{"start":{"line":605,"column":8},"end":{"line":605,"column":56}},"122":{"start":{"line":619,"column":8},"end":{"line":619,"column":24519}},"123":{"start":{"line":631,"column":8},"end":{"line":631,"column":59}},"124":{"start":{"line":636,"column":8},"end":{"line":636,"column":53}},"125":{"start":{"line":641,"column":8},"end":{"line":641,"column":59}},"126":{"start":{"line":646,"column":8},"end":{"line":646,"column":60}},"127":{"start":{"line":651,"column":8},"end":{"line":651,"column":57}},"128":{"start":{"line":656,"column":8},"end":{"line":656,"column":60}},"129":{"start":{"line":669,"column":8},"end":{"line":669,"column":68}},"130":{"start":{"line":674,"column":8},"end":{"line":674,"column":56}},"131":{"start":{"line":688,"column":8},"end":{"line":688,"column":27510}},"132":{"start":{"line":689,"column":12},"end":{"line":689,"column":52}},"133":{"start":{"line":717,"column":8},"end":{"line":717,"column":21}},"134":{"start":{"line":721,"column":8},"end":{"line":721,"column":33}},"135":{"start":{"line":725,"column":8},"end":{"line":725,"column":27}},"136":{"start":{"line":729,"column":8},"end":{"line":729,"column":25}},"137":{"start":{"line":733,"column":8},"end":{"line":733,"column":44}},"138":{"start":{"line":737,"column":8},"end":{"line":737,"column":41}},"139":{"start":{"line":741,"column":8},"end":{"line":741,"column":47}},"140":{"start":{"line":745,"column":8},"end":{"line":745,"column":47}},"141":{"start":{"line":749,"column":8},"end":{"line":749,"column":39}},"142":{"start":{"line":753,"column":8},"end":{"line":753,"column":35}},"143":{"start":{"line":757,"column":8},"end":{"line":757,"column":32}},"144":{"start":{"line":761,"column":8},"end":{"line":761,"column":42}},"145":{"start":{"line":765,"column":8},"end":{"line":765,"column":36}},"146":{"start":{"line":769,"column":8},"end":{"line":769,"column":43}},"147":{"start":{"line":773,"column":8},"end":{"line":773,"column":45}},"148":{"start":{"line":777,"column":8},"end":{"line":777,"column":34}}},"branchMap":{"1":{"line":81,"type":"if","locations":[{"start":{"line":81,"column":8},"end":{"line":81,"column":8}},{"start":{"line":81,"column":8},"end":{"line":81,"column":8}}]},"2":{"line":82,"type":"if","locations":[{"start":{"line":82,"column":8},"end":{"line":82,"column":8}},{"start":{"line":82,"column":8},"end":{"line":82,"column":8}}]},"3":{"line":83,"type":"if","locations":[{"start":{"line":83,"column":8},"end":{"line":83,"column":8}},{"start":{"line":83,"column":8},"end":{"line":83,"column":8}}]},"4":{"line":84,"type":"if","locations":[{"start":{"line":84,"column":8},"end":{"line":84,"column":8}},{"start":{"line":84,"column":8},"end":{"line":84,"column":8}}]},"5":{"line":85,"type":"if","locations":[{"start":{"line":85,"column":8},"end":{"line":85,"column":8}},{"start":{"line":85,"column":8},"end":{"line":85,"column":8}}]},"6":{"line":113,"type":"if","locations":[{"start":{"line":113,"column":8},"end":{"line":113,"column":8}},{"start":{"line":113,"column":8},"end":{"line":113,"column":8}}]},"7":{"line":118,"type":"if","locations":[{"start":{"line":118,"column":8},"end":{"line":118,"column":8}},{"start":{"line":118,"column":8},"end":{"line":118,"column":8}}]},"8":{"line":123,"type":"if","locations":[{"start":{"line":123,"column":8},"end":{"line":123,"column":8}},{"start":{"line":123,"column":8},"end":{"line":123,"column":8}}]},"9":{"line":137,"type":"if","locations":[{"start":{"line":137,"column":24},"end":{"line":137,"column":24}},{"start":{"line":137,"column":24},"end":{"line":137,"column":24}}]},"10":{"line":137,"type":"if","locations":[{"start":{"line":137,"column":38},"end":{"line":137,"column":38}},{"start":{"line":137,"column":38},"end":{"line":137,"column":38}}]},"11":{"line":137,"type":"if","locations":[{"start":{"line":137,"column":62},"end":{"line":137,"column":62}},{"start":{"line":137,"column":62},"end":{"line":137,"column":62}}]},"12":{"line":138,"type":"if","locations":[{"start":{"line":138,"column":8},"end":{"line":138,"column":8}},{"start":{"line":138,"column":8},"end":{"line":138,"column":8}}]},"13":{"line":139,"type":"if","locations":[{"start":{"line":139,"column":8},"end":{"line":139,"column":8}},{"start":{"line":139,"column":8},"end":{"line":139,"column":8}}]},"14":{"line":140,"type":"if","locations":[{"start":{"line":140,"column":8},"end":{"line":140,"column":8}},{"start":{"line":140,"column":8},"end":{"line":140,"column":8}}]},"15":{"line":141,"type":"if","locations":[{"start":{"line":141,"column":8},"end":{"line":141,"column":8}},{"start":{"line":141,"column":8},"end":{"line":141,"column":8}}]},"16":{"line":148,"type":"if","locations":[{"start":{"line":148,"column":8},"end":{"line":148,"column":8}},{"start":{"line":148,"column":8},"end":{"line":148,"column":8}}]},"17":{"line":197,"type":"if","locations":[{"start":{"line":197,"column":8},"end":{"line":197,"column":8}},{"start":{"line":197,"column":8},"end":{"line":197,"column":8}}]},"18":{"line":198,"type":"if","locations":[{"start":{"line":198,"column":8},"end":{"line":198,"column":8}},{"start":{"line":198,"column":8},"end":{"line":198,"column":8}}]},"19":{"line":199,"type":"if","locations":[{"start":{"line":199,"column":8},"end":{"line":199,"column":8}},{"start":{"line":199,"column":8},"end":{"line":199,"column":8}}]},"20":{"line":203,"type":"if","locations":[{"start":{"line":203,"column":8},"end":{"line":203,"column":8}},{"start":{"line":203,"column":8},"end":{"line":203,"column":8}}]},"21":{"line":204,"type":"if","locations":[{"start":{"line":204,"column":8},"end":{"line":204,"column":8}},{"start":{"line":204,"column":8},"end":{"line":204,"column":8}}]},"22":{"line":240,"type":"if","locations":[{"start":{"line":240,"column":8},"end":{"line":240,"column":8}},{"start":{"line":240,"column":8},"end":{"line":240,"column":8}}]},"23":{"line":255,"type":"if","locations":[{"start":{"line":255,"column":12},"end":{"line":255,"column":12}},{"start":{"line":255,"column":12},"end":{"line":255,"column":12}}]},"24":{"line":256,"type":"if","locations":[{"start":{"line":256,"column":16},"end":{"line":256,"column":16}},{"start":{"line":256,"column":16},"end":{"line":256,"column":16}}]},"25":{"line":267,"type":"if","locations":[{"start":{"line":267,"column":12},"end":{"line":267,"column":12}},{"start":{"line":267,"column":12},"end":{"line":267,"column":12}}]},"26":{"line":300,"type":"if","locations":[{"start":{"line":300,"column":8},"end":{"line":300,"column":8}},{"start":{"line":300,"column":8},"end":{"line":300,"column":8}}]},"27":{"line":330,"type":"if","locations":[{"start":{"line":330,"column":12},"end":{"line":330,"column":12}},{"start":{"line":330,"column":12},"end":{"line":330,"column":12}}]},"28":{"line":331,"type":"if","locations":[{"start":{"line":331,"column":16},"end":{"line":331,"column":16}},{"start":{"line":331,"column":16},"end":{"line":331,"column":16}}]},"29":{"line":386,"type":"if","locations":[{"start":{"line":386,"column":8},"end":{"line":386,"column":8}},{"start":{"line":386,"column":8},"end":{"line":386,"column":8}}]},"30":{"line":387,"type":"if","locations":[{"start":{"line":387,"column":12},"end":{"line":387,"column":12}},{"start":{"line":387,"column":12},"end":{"line":387,"column":12}}]},"31":{"line":388,"type":"if","locations":[{"start":{"line":388,"column":12},"end":{"line":388,"column":12}},{"start":{"line":388,"column":12},"end":{"line":388,"column":12}}]},"32":{"line":392,"type":"if","locations":[{"start":{"line":392,"column":12},"end":{"line":392,"column":12}},{"start":{"line":392,"column":12},"end":{"line":392,"column":12}}]},"33":{"line":393,"type":"if","locations":[{"start":{"line":393,"column":16},"end":{"line":393,"column":16}},{"start":{"line":393,"column":16},"end":{"line":393,"column":16}}]},"34":{"line":402,"type":"if","locations":[{"start":{"line":402,"column":8},"end":{"line":402,"column":8}},{"start":{"line":402,"column":8},"end":{"line":402,"column":8}}]},"35":{"line":429,"type":"if","locations":[{"start":{"line":429,"column":8},"end":{"line":429,"column":8}},{"start":{"line":429,"column":8},"end":{"line":429,"column":8}}]},"36":{"line":450,"type":"if","locations":[{"start":{"line":450,"column":12},"end":{"line":450,"column":12}},{"start":{"line":450,"column":12},"end":{"line":450,"column":12}}]},"37":{"line":450,"type":"cond-expr","locations":[{"start":{"line":450,"column":16},"end":{"line":450,"column":49}},{"start":{"line":451,"column":16},"end":{"line":451,"column":52}}]},"38":{"line":450,"type":"cond-expr","locations":[{"start":{"line":450,"column":16},"end":{"line":451,"column":52}},{"start":{"line":452,"column":16},"end":{"line":452,"column":51}}]},"39":{"line":462,"type":"if","locations":[{"start":{"line":462,"column":12},"end":{"line":462,"column":12}},{"start":{"line":462,"column":12},"end":{"line":462,"column":12}}]},"40":{"line":462,"type":"cond-expr","locations":[{"start":{"line":462,"column":16},"end":{"line":462,"column":49}},{"start":{"line":463,"column":16},"end":{"line":463,"column":52}}]},"41":{"line":462,"type":"cond-expr","locations":[{"start":{"line":462,"column":16},"end":{"line":463,"column":52}},{"start":{"line":464,"column":16},"end":{"line":464,"column":51}}]},"42":{"line":532,"type":"if","locations":[{"start":{"line":532,"column":8},"end":{"line":532,"column":8}},{"start":{"line":532,"column":8},"end":{"line":532,"column":8}}]},"43":{"line":536,"type":"if","locations":[{"start":{"line":536,"column":8},"end":{"line":536,"column":8}},{"start":{"line":536,"column":8},"end":{"line":536,"column":8}}]},"44":{"line":542,"type":"if","locations":[{"start":{"line":542,"column":8},"end":{"line":542,"column":8}},{"start":{"line":542,"column":8},"end":{"line":542,"column":8}}]},"45":{"line":544,"type":"if","locations":[{"start":{"line":544,"column":12},"end":{"line":544,"column":12}},{"start":{"line":544,"column":12},"end":{"line":544,"column":12}}]},"46":{"line":551,"type":"if","locations":[{"start":{"line":551,"column":8},"end":{"line":551,"column":8}},{"start":{"line":551,"column":8},"end":{"line":551,"column":8}}]},"47":{"line":576,"type":"if","locations":[{"start":{"line":576,"column":12},"end":{"line":576,"column":12}},{"start":{"line":576,"column":12},"end":{"line":576,"column":12}}]},"48":{"line":579,"type":"if","locations":[{"start":{"line":579,"column":16},"end":{"line":579,"column":16}},{"start":{"line":579,"column":16},"end":{"line":579,"column":16}}]},"49":{"line":608,"type":"if","locations":[{"start":{"line":608,"column":55},"end":{"line":608,"column":98}},{"start":{"line":608,"column":102},"end":{"line":608,"column":102}}]},"50":{"line":609,"type":"if","locations":[{"start":{"line":609,"column":51},"end":{"line":609,"column":112}},{"start":{"line":609,"column":116},"end":{"line":609,"column":116}}]},"51":{"line":619,"type":"if","locations":[{"start":{"line":619,"column":8},"end":{"line":619,"column":8}},{"start":{"line":619,"column":8},"end":{"line":619,"column":8}}]},"52":{"line":630,"type":"if","locations":[{"start":{"line":630,"column":64},"end":{"line":630,"column":64}},{"start":{"line":630,"column":64},"end":{"line":630,"column":64}}]},"53":{"line":631,"type":"if","locations":[{"start":{"line":631,"column":8},"end":{"line":631,"column":8}},{"start":{"line":631,"column":8},"end":{"line":631,"column":8}}]},"54":{"line":635,"type":"if","locations":[{"start":{"line":635,"column":52},"end":{"line":635,"column":52}},{"start":{"line":635,"column":52},"end":{"line":635,"column":52}}]},"55":{"line":636,"type":"if","locations":[{"start":{"line":636,"column":8},"end":{"line":636,"column":8}},{"start":{"line":636,"column":8},"end":{"line":636,"column":8}}]},"56":{"line":640,"type":"if","locations":[{"start":{"line":640,"column":64},"end":{"line":640,"column":64}},{"start":{"line":640,"column":64},"end":{"line":640,"column":64}}]},"57":{"line":641,"type":"if","locations":[{"start":{"line":641,"column":8},"end":{"line":641,"column":8}},{"start":{"line":641,"column":8},"end":{"line":641,"column":8}}]},"58":{"line":645,"type":"if","locations":[{"start":{"line":645,"column":76},"end":{"line":645,"column":76}},{"start":{"line":645,"column":76},"end":{"line":645,"column":76}}]},"59":{"line":646,"type":"if","locations":[{"start":{"line":646,"column":8},"end":{"line":646,"column":8}},{"start":{"line":646,"column":8},"end":{"line":646,"column":8}}]},"60":{"line":650,"type":"if","locations":[{"start":{"line":650,"column":70},"end":{"line":650,"column":70}},{"start":{"line":650,"column":70},"end":{"line":650,"column":70}}]},"61":{"line":651,"type":"if","locations":[{"start":{"line":651,"column":8},"end":{"line":651,"column":8}},{"start":{"line":651,"column":8},"end":{"line":651,"column":8}}]},"62":{"line":655,"type":"if","locations":[{"start":{"line":655,"column":57},"end":{"line":655,"column":57}},{"start":{"line":655,"column":57},"end":{"line":655,"column":57}}]},"63":{"line":656,"type":"if","locations":[{"start":{"line":656,"column":8},"end":{"line":656,"column":8}},{"start":{"line":656,"column":8},"end":{"line":656,"column":8}}]},"64":{"line":660,"type":"if","locations":[{"start":{"line":660,"column":90},"end":{"line":660,"column":90}},{"start":{"line":660,"column":90},"end":{"line":660,"column":90}}]},"65":{"line":664,"type":"if","locations":[{"start":{"line":664,"column":90},"end":{"line":664,"column":90}},{"start":{"line":664,"column":90},"end":{"line":664,"column":90}}]},"66":{"line":668,"type":"if","locations":[{"start":{"line":668,"column":78},"end":{"line":668,"column":78}},{"start":{"line":668,"column":78},"end":{"line":668,"column":78}}]},"67":{"line":669,"type":"if","locations":[{"start":{"line":669,"column":8},"end":{"line":669,"column":8}},{"start":{"line":669,"column":8},"end":{"line":669,"column":8}}]},"68":{"line":673,"type":"if","locations":[{"start":{"line":673,"column":74},"end":{"line":673,"column":74}},{"start":{"line":673,"column":74},"end":{"line":673,"column":74}}]},"69":{"line":674,"type":"if","locations":[{"start":{"line":674,"column":8},"end":{"line":674,"column":8}},{"start":{"line":674,"column":8},"end":{"line":674,"column":8}}]},"70":{"line":678,"type":"if","locations":[{"start":{"line":678,"column":70},"end":{"line":678,"column":70}},{"start":{"line":678,"column":70},"end":{"line":678,"column":70}}]},"71":{"line":682,"type":"if","locations":[{"start":{"line":682,"column":99},"end":{"line":682,"column":99}},{"start":{"line":682,"column":99},"end":{"line":682,"column":99}}]},"72":{"line":686,"type":"if","locations":[{"start":{"line":686,"column":96},"end":{"line":686,"column":96}},{"start":{"line":686,"column":96},"end":{"line":686,"column":96}}]},"73":{"line":693,"type":"if","locations":[{"start":{"line":693,"column":80},"end":{"line":693,"column":80}},{"start":{"line":693,"column":80},"end":{"line":693,"column":80}}]},"74":{"line":697,"type":"if","locations":[{"start":{"line":697,"column":48},"end":{"line":697,"column":48}},{"start":{"line":697,"column":48},"end":{"line":697,"column":48}}]},"75":{"line":701,"type":"if","locations":[{"start":{"line":701,"column":50},"end":{"line":701,"column":50}},{"start":{"line":701,"column":50},"end":{"line":701,"column":50}}]},"76":{"line":708,"type":"if","locations":[{"start":{"line":708,"column":8},"end":{"line":708,"column":8}},{"start":{"line":708,"column":8},"end":{"line":708,"column":8}}]}}},"contracts/SimpleTest.sol":{"l":{"8":0,"12":0,"16":0},"path":"/Users/maengseojun/Documents/Project/cryptoindex/dev5/contracts/SimpleTest.sol","s":{"1":0},"b":{},"f":{"1":0,"2":0,"3":0},"fnMap":{"1":{"name":"constructor","line":7,"loc":{"start":{"line":7,"column":4},"end":{"line":9,"column":4}}},"2":{"name":"setValue","line":11,"loc":{"start":{"line":11,"column":4},"end":{"line":13,"column":4}}},"3":{"name":"getValue","line":15,"loc":{"start":{"line":15,"column":4},"end":{"line":17,"column":4}}}},"statementMap":{"1":{"start":{"line":16,"column":8},"end":{"line":16,"column":20}}},"branchMap":{}},"contracts/TestHYPE.sol":{"l":{"17":0,"20":0,"27":0,"36":0,"37":0,"38":0,"47":0,"49":0,"50":0,"51":0,"52":0,"64":0,"69":0,"70":0,"72":0,"79":0,"80":0,"87":0,"94":0},"path":"/Users/maengseojun/Documents/Project/cryptoindex/dev5/contracts/TestHYPE.sol","s":{"1":0,"2":0,"3":0,"4":0,"5":0,"6":0,"7":0,"8":0,"9":0,"10":0,"11":0,"12":0,"13":0,"14":0,"15":0,"16":0},"b":{"1":[0,0],"2":[0,0],"3":[0,0],"4":[0,0],"5":[0,0],"6":[0,0],"7":[0,0],"8":[0,0],"9":[0,0],"10":[0,0]},"f":{"1":0,"2":0,"3":0,"4":0,"5":0,"6":0,"7":0,"8":0},"fnMap":{"1":{"name":"constructor","line":16,"loc":{"start":{"line":16,"column":4},"end":{"line":21,"column":4}}},"2":{"name":"decimals","line":26,"loc":{"start":{"line":26,"column":4},"end":{"line":28,"column":4}}},"3":{"name":"mint","line":35,"loc":{"start":{"line":35,"column":4},"end":{"line":39,"column":4}}},"4":{"name":"batchMint","line":46,"loc":{"start":{"line":46,"column":4},"end":{"line":54,"column":4}}},"5":{"name":"faucet","line":63,"loc":{"start":{"line":63,"column":4},"end":{"line":73,"column":4}}},"6":{"name":"emergencyFaucet","line":78,"loc":{"start":{"line":78,"column":4},"end":{"line":81,"column":4}}},"7":{"name":"setDecimals","line":86,"loc":{"start":{"line":86,"column":4},"end":{"line":88,"column":4}}},"8":{"name":"burn","line":93,"loc":{"start":{"line":93,"column":4},"end":{"line":95,"column":4}}}},"statementMap":{"1":{"start":{"line":20,"column":8},"end":{"line":20,"column":52}},"2":{"start":{"line":27,"column":8},"end":{"line":27,"column":24}},"3":{"start":{"line":36,"column":8},"end":{"line":36,"column":66}},"4":{"start":{"line":37,"column":8},"end":{"line":37,"column":68}},"5":{"start":{"line":38,"column":8},"end":{"line":38,"column":24}},"6":{"start":{"line":47,"column":8},"end":{"line":47,"column":87}},"7":{"start":{"line":49,"column":8},"end":{"line":49,"column":1610}},"8":{"start":{"line":50,"column":12},"end":{"line":50,"column":81}},"9":{"start":{"line":51,"column":12},"end":{"line":51,"column":76}},"10":{"start":{"line":52,"column":12},"end":{"line":52,"column":43}},"11":{"start":{"line":64,"column":8},"end":{"line":64,"column":2209}},"12":{"start":{"line":70,"column":8},"end":{"line":70,"column":39}},"13":{"start":{"line":72,"column":8},"end":{"line":72,"column":50}},"14":{"start":{"line":79,"column":8},"end":{"line":79,"column":24}},"15":{"start":{"line":80,"column":8},"end":{"line":80,"column":38}},"16":{"start":{"line":94,"column":8},"end":{"line":94,"column":32}}},"branchMap":{"1":{"line":35,"type":"if","locations":[{"start":{"line":35,"column":55},"end":{"line":35,"column":55}},{"start":{"line":35,"column":55},"end":{"line":35,"column":55}}]},"2":{"line":36,"type":"if","locations":[{"start":{"line":36,"column":8},"end":{"line":36,"column":8}},{"start":{"line":36,"column":8},"end":{"line":36,"column":8}}]},"3":{"line":37,"type":"if","locations":[{"start":{"line":37,"column":8},"end":{"line":37,"column":8}},{"start":{"line":37,"column":8},"end":{"line":37,"column":8}}]},"4":{"line":46,"type":"if","locations":[{"start":{"line":46,"column":91},"end":{"line":46,"column":91}},{"start":{"line":46,"column":91},"end":{"line":46,"column":91}}]},"5":{"line":47,"type":"if","locations":[{"start":{"line":47,"column":8},"end":{"line":47,"column":8}},{"start":{"line":47,"column":8},"end":{"line":47,"column":8}}]},"6":{"line":50,"type":"if","locations":[{"start":{"line":50,"column":12},"end":{"line":50,"column":12}},{"start":{"line":50,"column":12},"end":{"line":50,"column":12}}]},"7":{"line":51,"type":"if","locations":[{"start":{"line":51,"column":12},"end":{"line":51,"column":12}},{"start":{"line":51,"column":12},"end":{"line":51,"column":12}}]},"8":{"line":64,"type":"if","locations":[{"start":{"line":64,"column":8},"end":{"line":64,"column":8}},{"start":{"line":64,"column":8},"end":{"line":64,"column":8}}]},"9":{"line":78,"type":"if","locations":[{"start":{"line":78,"column":66},"end":{"line":78,"column":66}},{"start":{"line":78,"column":66},"end":{"line":78,"column":66}}]},"10":{"line":86,"type":"if","locations":[{"start":{"line":86,"column":53},"end":{"line":86,"column":53}},{"start":{"line":86,"column":53},"end":{"line":86,"column":53}}]}}}}